Using pre-set license
Built from '2022.3/staging' branch; Version is '2022.3.36f1 (95a4219250e5) revision 9806881'; Using compiler version '192829333'; Build Type 'Release'
OS: 'Windows 11  (10.0.22631) 64bit Professional' Language: 'es' Physical Memory: 32719 MB
BatchMode: 1, IsHumanControllingUs: 0, StartBugReporterOnCrash: 0, Is64bit: 1, IsPro: 1

COMMAND LINE ARGUMENTS:
C:\Program Files\Unity\Hub\Editor\2022.3.36f1\Editor\Unity.exe
-adb2
-batchMode
-noUpm
-name
AssetImportWorker4
-projectPath
C:/Users/erick/OneDrive/Documentos/GitHub/GroupD_SC602_LN_Project/JungleRuins-Adventure/JungleRuins-Adventure
-logFile
Logs/AssetImportWorker4.log
-srvPort
52552
Successfully changed project path to: C:/Users/erick/OneDrive/Documentos/GitHub/GroupD_SC602_LN_Project/JungleRuins-Adventure/JungleRuins-Adventure
C:/Users/erick/OneDrive/Documentos/GitHub/GroupD_SC602_LN_Project/JungleRuins-Adventure/JungleRuins-Adventure
[UnityMemory] Configuration Parameters - Can be set up in boot.config
    "memorysetup-bucket-allocator-granularity=16"
    "memorysetup-bucket-allocator-bucket-count=8"
    "memorysetup-bucket-allocator-block-size=33554432"
    "memorysetup-bucket-allocator-block-count=8"
    "memorysetup-main-allocator-block-size=16777216"
    "memorysetup-thread-allocator-block-size=16777216"
    "memorysetup-gfx-main-allocator-block-size=16777216"
    "memorysetup-gfx-thread-allocator-block-size=16777216"
    "memorysetup-cache-allocator-block-size=4194304"
    "memorysetup-typetree-allocator-block-size=2097152"
    "memorysetup-profiler-bucket-allocator-granularity=16"
    "memorysetup-profiler-bucket-allocator-bucket-count=8"
    "memorysetup-profiler-bucket-allocator-block-size=33554432"
    "memorysetup-profiler-bucket-allocator-block-count=8"
    "memorysetup-profiler-allocator-block-size=16777216"
    "memorysetup-profiler-editor-allocator-block-size=1048576"
    "memorysetup-temp-allocator-size-main=16777216"
    "memorysetup-job-temp-allocator-block-size=2097152"
    "memorysetup-job-temp-allocator-block-size-background=1048576"
    "memorysetup-job-temp-allocator-reduction-small-platforms=262144"
    "memorysetup-allocator-temp-initial-block-size-main=262144"
    "memorysetup-allocator-temp-initial-block-size-worker=262144"
    "memorysetup-temp-allocator-size-background-worker=32768"
    "memorysetup-temp-allocator-size-job-worker=262144"
    "memorysetup-temp-allocator-size-preload-manager=33554432"
    "memorysetup-temp-allocator-size-nav-mesh-worker=65536"
    "memorysetup-temp-allocator-size-audio-worker=65536"
    "memorysetup-temp-allocator-size-cloud-worker=32768"
    "memorysetup-temp-allocator-size-gi-baking-worker=262144"
    "memorysetup-temp-allocator-size-gfx=262144"
Player connection [15780] Host "[IP] 192.168.100.71 [Port] 0 [Flags] 2 [Guid] 2794082721 [EditorId] 2794082721 [Version] 1048832 [Id] WindowsEditor(7,DESKTOP-PP7SVQD) [Debug] 1 [PackageName] WindowsEditor [ProjectName] Editor" joined multi-casting on [225.0.0.222:54997]...

Player connection [15780] Host "[IP] 192.168.100.71 [Port] 0 [Flags] 2 [Guid] 2794082721 [EditorId] 2794082721 [Version] 1048832 [Id] WindowsEditor(7,DESKTOP-PP7SVQD) [Debug] 1 [PackageName] WindowsEditor [ProjectName] Editor" joined alternative multi-casting on [225.0.0.222:34997]...

[PhysX] Initialized MultithreadedTaskDispatcher with 12 workers.
Refreshing native plugins compatible for Editor in 16.44 ms, found 4 plugins.
Preloading 0 native plugins for Editor in 0.00 ms.
Initialize engine version: 2022.3.36f1 (95a4219250e5)
[Subsystems] Discovering subsystems at path C:/Program Files/Unity/Hub/Editor/2022.3.36f1/Editor/Data/Resources/UnitySubsystems
[Subsystems] Discovering subsystems at path C:/Users/erick/OneDrive/Documentos/GitHub/GroupD_SC602_LN_Project/JungleRuins-Adventure/JungleRuins-Adventure/Assets
GfxDevice: creating device client; threaded=0; jobified=0
Direct3D:
    Version:  Direct3D 11.0 [level 11.1]
    Renderer: NVIDIA GeForce GTX 1660 SUPER (ID=0x21c4)
    Vendor:   NVIDIA
    VRAM:     5966 MB
    Driver:   32.0.15.5612
Initialize mono
Mono path[0] = 'C:/Program Files/Unity/Hub/Editor/2022.3.36f1/Editor/Data/Managed'
Mono path[1] = 'C:/Program Files/Unity/Hub/Editor/2022.3.36f1/Editor/Data/MonoBleedingEdge/lib/mono/unityjit-win32'
Mono config path = 'C:/Program Files/Unity/Hub/Editor/2022.3.36f1/Editor/Data/MonoBleedingEdge/etc'
Using monoOptions --debugger-agent=transport=dt_socket,embedding=1,server=y,suspend=n,address=127.0.0.1:56448
Begin MonoManager ReloadAssembly
Registering precompiled unity dll's ...
Register platform support module: C:/Program Files/Unity/Hub/Editor/2022.3.36f1/Editor/Data/PlaybackEngines/WebGLSupport/UnityEditor.WebGL.Extensions.dll
Register platform support module: C:/Program Files/Unity/Hub/Editor/2022.3.36f1/Editor/Data/PlaybackEngines/WindowsStandaloneSupport/UnityEditor.WindowsStandalone.Extensions.dll
Registered in 0.008408 seconds.
- Loaded All Assemblies, in  0.316 seconds
Native extension for WindowsStandalone target not found
Native extension for WebGL target not found
Mono: successfully reloaded assembly
- Finished resetting the current domain, in  0.233 seconds
Domain Reload Profiling: 548ms
	BeginReloadAssembly (96ms)
		ExecutionOrderSort (0ms)
		DisableScriptedObjects (0ms)
		BackupInstance (0ms)
		ReleaseScriptingObjects (0ms)
		CreateAndSetChildDomain (1ms)
	RebuildCommonClasses (31ms)
	RebuildNativeTypeToScriptingClass (11ms)
	initialDomainReloadingComplete (53ms)
	LoadAllAssembliesAndSetupDomain (124ms)
		LoadAssemblies (94ms)
		RebuildTransferFunctionScriptingTraits (0ms)
		AnalyzeDomain (122ms)
			TypeCache.Refresh (121ms)
				TypeCache.ScanAssembly (110ms)
			ScanForSourceGeneratedMonoScriptInfo (0ms)
			ResolveRequiredComponents (0ms)
	FinalizeReload (233ms)
		ReleaseScriptCaches (0ms)
		RebuildScriptCaches (0ms)
		SetupLoadedEditorAssemblies (183ms)
			LogAssemblyErrors (0ms)
			InitializePlatformSupportModulesInManaged (9ms)
			SetLoadedEditorAssemblies (4ms)
			RefreshPlugins (0ms)
			BeforeProcessingInitializeOnLoad (2ms)
			ProcessInitializeOnLoadAttributes (127ms)
			ProcessInitializeOnLoadMethodAttributes (41ms)
			AfterProcessingInitializeOnLoad (0ms)
			EditorAssembliesLoaded (0ms)
		ExecutionOrderSort2 (0ms)
		AwakeInstancesAfterBackupRestoration (0ms)
========================================================================
Worker process is ready to serve import requests
Begin MonoManager ReloadAssembly
- Loaded All Assemblies, in  0.633 seconds
Refreshing native plugins compatible for Editor in 5.45 ms, found 4 plugins.
Native extension for WindowsStandalone target not found
Native extension for WebGL target not found
Package Manager log level set to [2]
[Package Manager] Server::EnsureServerProcessIsRunning -- launch failed, reason: Unity was launched with the -noUpm command-line argument
[Package Manager] UpmClient::Send -- Unable to send message (not connected to UPM process).
[Package Manager] Cannot connect to Unity Package Manager local server
Mono: successfully reloaded assembly
- Finished resetting the current domain, in  0.654 seconds
Domain Reload Profiling: 1284ms
	BeginReloadAssembly (135ms)
		ExecutionOrderSort (0ms)
		DisableScriptedObjects (8ms)
		BackupInstance (0ms)
		ReleaseScriptingObjects (0ms)
		CreateAndSetChildDomain (18ms)
	RebuildCommonClasses (32ms)
	RebuildNativeTypeToScriptingClass (10ms)
	initialDomainReloadingComplete (41ms)
	LoadAllAssembliesAndSetupDomain (411ms)
		LoadAssemblies (292ms)
		RebuildTransferFunctionScriptingTraits (0ms)
		AnalyzeDomain (192ms)
			TypeCache.Refresh (158ms)
				TypeCache.ScanAssembly (145ms)
			ScanForSourceGeneratedMonoScriptInfo (24ms)
			ResolveRequiredComponents (9ms)
	FinalizeReload (655ms)
		ReleaseScriptCaches (0ms)
		RebuildScriptCaches (0ms)
		SetupLoadedEditorAssemblies (496ms)
			LogAssemblyErrors (0ms)
			InitializePlatformSupportModulesInManaged (7ms)
			SetLoadedEditorAssemblies (4ms)
			RefreshPlugins (0ms)
			BeforeProcessingInitializeOnLoad (81ms)
			ProcessInitializeOnLoadAttributes (318ms)
			ProcessInitializeOnLoadMethodAttributes (79ms)
			AfterProcessingInitializeOnLoad (7ms)
			EditorAssembliesLoaded (0ms)
		ExecutionOrderSort2 (0ms)
		AwakeInstancesAfterBackupRestoration (6ms)
Launched and connected shader compiler UnityShaderCompiler.exe after 0.03 seconds
Refreshing native plugins compatible for Editor in 5.22 ms, found 4 plugins.
Preloading 0 native plugins for Editor in 0.00 ms.
Unloading 5694 Unused Serialized files (Serialized files now loaded: 0)
Unloading 101 unused Assets / (0.9 MB). Loaded Objects now: 6138.
Memory consumption went from 221.9 MB to 221.0 MB.
Total: 3.595700 ms (FindLiveObjects: 0.450000 ms CreateObjectMapping: 0.137400 ms MarkObjects: 2.597100 ms  DeleteObjects: 0.410400 ms)

AssetImportParameters requested are different than current active one (requested -> active):
  custom:container-demuxer-ogg: 62fdf1f143b41e24485cea50d1cbac27 -> 
  custom:video-decoder-ogg-theora: a1e56fd34408186e4bbccfd4996cb3dc -> 
  custom:framework-win-MediaFoundation: 216162199b28c13a410421893ffa2e32 -> 
  custom:CustomObjectIndexerAttribute: 72b91833f83ae208fae7752999fa3104 -> 
  custom:container-demuxer-webm: 4f35f7cbe854078d1ac9338744f61a02 -> 
  custom:container-muxer-webm: aa71ff27fc2769a1b78a27578f13a17b -> 
  custom:video-decoder-webm-vp8: 9c59270c3fd7afecdb556c50c9e8de78 -> 
  custom:SearchIndexIgnoredProperties: e643bd26f0fe6173181afceb89e7c659 -> 
  custom:AudioImporter_EditorPlatform: d09bf68614088b80899f8185d706f6e7 -> 
  custom:video-encoder-webm-vp8: eb34c28f22e8b96e1ab97ce403110664 -> 
  custom:audio-decoder-ogg-vorbis: bf7c407c2cedff20999df2af8eb42d56 -> 
  custom:audio-encoder-webm-vorbis: bf7c407c2cedff20999df2af8eb42d56 -> 
========================================================================
Received Import Request.
  Time since last request: 10799.361400 seconds.
  path: Assets/Sprites/Caminos/platformer/Tile_20.asset
  artifactKey: Guid(153b03d2fe2afbe47b44b218d2017a3d) Importer(815301076,1909f56bfc062723c751e8b465ee728b)
Start importing Assets/Sprites/Caminos/platformer/Tile_20.asset using Guid(153b03d2fe2afbe47b44b218d2017a3d) Importer(815301076,1909f56bfc062723c751e8b465ee728b) [PhysX] Initialized MultithreadedTaskDispatcher with 12 workers.
 -> (artifact id: '5c0e9a2d773cadf5f24d1310cc681c65') in 0.076069 seconds
Number of updated asset objects reloaded before import = 0
Number of asset objects unloaded after import = 3
========================================================================
Received Import Request.
  Time since last request: 31.775786 seconds.
  path: Assets/Tile Palettes/Platformer.prefab
  artifactKey: Guid(bf8c779ab88866f449a9954368b5895b) Importer(815301076,1909f56bfc062723c751e8b465ee728b)
Start importing Assets/Tile Palettes/Platformer.prefab using Guid(bf8c779ab88866f449a9954368b5895b) Importer(815301076,1909f56bfc062723c751e8b465ee728b) [PhysX] Initialized MultithreadedTaskDispatcher with 12 workers.
[PhysX] Initialized MultithreadedTaskDispatcher with 12 workers.
 -> (artifact id: 'de04e82fc37c2fe773e9f92723551f86') in 0.199028 seconds
Number of updated asset objects reloaded before import = 0
Number of asset objects unloaded after import = 12
========================================================================
Received Import Request.
  Time since last request: 7.017261 seconds.
  path: Assets/Sprites/Caminos/platformer/Tile_21.asset
  artifactKey: Guid(f327e70660165f94e8ebb71fd8b933e5) Importer(815301076,1909f56bfc062723c751e8b465ee728b)
Start importing Assets/Sprites/Caminos/platformer/Tile_21.asset using Guid(f327e70660165f94e8ebb71fd8b933e5) Importer(815301076,1909f56bfc062723c751e8b465ee728b) [PhysX] Initialized MultithreadedTaskDispatcher with 12 workers.
 -> (artifact id: 'f2ebeefbbd754d573ae25cecb4dba555') in 0.017737 seconds
Number of updated asset objects reloaded before import = 0
Number of asset objects unloaded after import = 3
========================================================================
Received Import Request.
  Time since last request: 0.000024 seconds.
  path: Assets/Sprites/Caminos/platformer/Tile_24.asset
  artifactKey: Guid(43870bd4194337d4d859d73a59d4138e) Importer(815301076,1909f56bfc062723c751e8b465ee728b)
Start importing Assets/Sprites/Caminos/platformer/Tile_24.asset using Guid(43870bd4194337d4d859d73a59d4138e) Importer(815301076,1909f56bfc062723c751e8b465ee728b) [PhysX] Initialized MultithreadedTaskDispatcher with 12 workers.
 -> (artifact id: '1520b1284dccc8cad3c59c06a5379a86') in 0.012347 seconds
Number of updated asset objects reloaded before import = 0
Number of asset objects unloaded after import = 3
========================================================================
Received Import Request.
  Time since last request: 0.312044 seconds.
  path: Assets/Sprites/Caminos/platformer/Tile_25.asset
  artifactKey: Guid(8f252f17c8011694d93be54cf1dea852) Importer(815301076,1909f56bfc062723c751e8b465ee728b)
Start importing Assets/Sprites/Caminos/platformer/Tile_25.asset using Guid(8f252f17c8011694d93be54cf1dea852) Importer(815301076,1909f56bfc062723c751e8b465ee728b) [PhysX] Initialized MultithreadedTaskDispatcher with 12 workers.
 -> (artifact id: 'c24f082a2e9a158cad3df64bb7afa98b') in 0.018984 seconds
Number of updated asset objects reloaded before import = 0
Number of asset objects unloaded after import = 3
========================================================================
Received Import Request.
  Time since last request: 0.000025 seconds.
  path: Assets/Sprites/Caminos/platformer/Tile_32.asset
  artifactKey: Guid(2372beb89d69d5c48b1ad6818fba5d9f) Importer(815301076,1909f56bfc062723c751e8b465ee728b)
Start importing Assets/Sprites/Caminos/platformer/Tile_32.asset using Guid(2372beb89d69d5c48b1ad6818fba5d9f) Importer(815301076,1909f56bfc062723c751e8b465ee728b) [PhysX] Initialized MultithreadedTaskDispatcher with 12 workers.
 -> (artifact id: '9beb7841872233ee3504a699880f7782') in 0.016125 seconds
Number of updated asset objects reloaded before import = 0
Number of asset objects unloaded after import = 3
========================================================================
Received Import Request.
  Time since last request: 0.000017 seconds.
  path: Assets/Sprites/Caminos/platformer/Tile_31.asset
  artifactKey: Guid(92f2723155c5ce146b14d61289f4759a) Importer(815301076,1909f56bfc062723c751e8b465ee728b)
Start importing Assets/Sprites/Caminos/platformer/Tile_31.asset using Guid(92f2723155c5ce146b14d61289f4759a) Importer(815301076,1909f56bfc062723c751e8b465ee728b) [PhysX] Initialized MultithreadedTaskDispatcher with 12 workers.
 -> (artifact id: '5883f221fd3f864cb18d55dc2d96e6c9') in 0.010847 seconds
Number of updated asset objects reloaded before import = 0
Number of asset objects unloaded after import = 3
========================================================================
Received Import Request.
  Time since last request: 0.009460 seconds.
  path: Assets/Sprites/Caminos/platformer/Tile_33.asset
  artifactKey: Guid(a968daf4c7618184d99c097b4c46471e) Importer(815301076,1909f56bfc062723c751e8b465ee728b)
Start importing Assets/Sprites/Caminos/platformer/Tile_33.asset using Guid(a968daf4c7618184d99c097b4c46471e) Importer(815301076,1909f56bfc062723c751e8b465ee728b) [PhysX] Initialized MultithreadedTaskDispatcher with 12 workers.
 -> (artifact id: 'adc544060b6e31d57bd6e81ed988bca9') in 0.012402 seconds
Number of updated asset objects reloaded before import = 0
Number of asset objects unloaded after import = 3
========================================================================
Received Import Request.
  Time since last request: 0.000023 seconds.
  path: Assets/Sprites/Caminos/platformer/Tile_36.asset
  artifactKey: Guid(d74b956255664804cac06585d77090e9) Importer(815301076,1909f56bfc062723c751e8b465ee728b)
Start importing Assets/Sprites/Caminos/platformer/Tile_36.asset using Guid(d74b956255664804cac06585d77090e9) Importer(815301076,1909f56bfc062723c751e8b465ee728b) [PhysX] Initialized MultithreadedTaskDispatcher with 12 workers.
 -> (artifact id: 'cc23bccc875b8196592f3df86c5fc6e4') in 0.013197 seconds
Number of updated asset objects reloaded before import = 0
Number of asset objects unloaded after import = 3
========================================================================
Received Import Request.
  Time since last request: 0.250117 seconds.
  path: Assets/Sprites/Caminos/platformer/Tile_37.asset
  artifactKey: Guid(530279a80b173c94a899bd6f4c04a07e) Importer(815301076,1909f56bfc062723c751e8b465ee728b)
Start importing Assets/Sprites/Caminos/platformer/Tile_37.asset using Guid(530279a80b173c94a899bd6f4c04a07e) Importer(815301076,1909f56bfc062723c751e8b465ee728b) [PhysX] Initialized MultithreadedTaskDispatcher with 12 workers.
 -> (artifact id: 'f8838198f503c02cc0d23a5d279aa498') in 0.012427 seconds
Number of updated asset objects reloaded before import = 0
Number of asset objects unloaded after import = 3
========================================================================
Received Import Request.
  Time since last request: 0.011554 seconds.
  path: Assets/Sprites/Caminos/platformer/Tile_41.asset
  artifactKey: Guid(5b5959260f566ce4a9e380c93f892f62) Importer(815301076,1909f56bfc062723c751e8b465ee728b)
Start importing Assets/Sprites/Caminos/platformer/Tile_41.asset using Guid(5b5959260f566ce4a9e380c93f892f62) Importer(815301076,1909f56bfc062723c751e8b465ee728b) [PhysX] Initialized MultithreadedTaskDispatcher with 12 workers.
 -> (artifact id: 'cd7bf1bb388da50b0eb7bded1cf97fcb') in 0.011360 seconds
Number of updated asset objects reloaded before import = 0
Number of asset objects unloaded after import = 3
========================================================================
Received Import Request.
  Time since last request: 0.000021 seconds.
  path: Assets/Sprites/Caminos/platformer/Tile_44.asset
  artifactKey: Guid(61c82ad866165aa43875aeb37e1ba3c5) Importer(815301076,1909f56bfc062723c751e8b465ee728b)
Start importing Assets/Sprites/Caminos/platformer/Tile_44.asset using Guid(61c82ad866165aa43875aeb37e1ba3c5) Importer(815301076,1909f56bfc062723c751e8b465ee728b) [PhysX] Initialized MultithreadedTaskDispatcher with 12 workers.
 -> (artifact id: '851f9bf6204b6d78af72711904496728') in 0.012250 seconds
Number of updated asset objects reloaded before import = 0
Number of asset objects unloaded after import = 3
========================================================================
Received Import Request.
  Time since last request: 0.000024 seconds.
  path: Assets/Sprites/Caminos/platformer/Tile_47.asset
  artifactKey: Guid(77b22e6f13e3a1e4d8a41c0edbe8ca78) Importer(815301076,1909f56bfc062723c751e8b465ee728b)
Start importing Assets/Sprites/Caminos/platformer/Tile_47.asset using Guid(77b22e6f13e3a1e4d8a41c0edbe8ca78) Importer(815301076,1909f56bfc062723c751e8b465ee728b) [PhysX] Initialized MultithreadedTaskDispatcher with 12 workers.
 -> (artifact id: 'dd8a52894c74d401af997285141b30bc') in 0.015496 seconds
Number of updated asset objects reloaded before import = 0
Number of asset objects unloaded after import = 3
========================================================================
Received Import Request.
  Time since last request: 0.276954 seconds.
  path: Assets/Sprites/Caminos/platformer/Tile_49.asset
  artifactKey: Guid(e63671c685ce8a741b397f5534019ecc) Importer(815301076,1909f56bfc062723c751e8b465ee728b)
Start importing Assets/Sprites/Caminos/platformer/Tile_49.asset using Guid(e63671c685ce8a741b397f5534019ecc) Importer(815301076,1909f56bfc062723c751e8b465ee728b) [PhysX] Initialized MultithreadedTaskDispatcher with 12 workers.
 -> (artifact id: '9098574780f4beb3b8a9b4e1fee4e650') in 0.020903 seconds
Number of updated asset objects reloaded before import = 0
Number of asset objects unloaded after import = 3
========================================================================
Received Import Request.
  Time since last request: 0.000023 seconds.
  path: Assets/Sprites/Caminos/platformer/Tile_52.asset
  artifactKey: Guid(a39347b7183093b419c88fdb19278c8c) Importer(815301076,1909f56bfc062723c751e8b465ee728b)
Start importing Assets/Sprites/Caminos/platformer/Tile_52.asset using Guid(a39347b7183093b419c88fdb19278c8c) Importer(815301076,1909f56bfc062723c751e8b465ee728b) [PhysX] Initialized MultithreadedTaskDispatcher with 12 workers.
 -> (artifact id: 'eafb79cdee8ae66f222e2908b5beba17') in 0.011602 seconds
Number of updated asset objects reloaded before import = 0
Number of asset objects unloaded after import = 3
========================================================================
Received Import Request.
  Time since last request: 0.000025 seconds.
  path: Assets/Sprites/Caminos/platformer/Tile_56.asset
  artifactKey: Guid(2eb0102d2f2d4c342b978d8f5e57ba82) Importer(815301076,1909f56bfc062723c751e8b465ee728b)
Start importing Assets/Sprites/Caminos/platformer/Tile_56.asset using Guid(2eb0102d2f2d4c342b978d8f5e57ba82) Importer(815301076,1909f56bfc062723c751e8b465ee728b) [PhysX] Initialized MultithreadedTaskDispatcher with 12 workers.
 -> (artifact id: 'd9da85ff3681aced34508039fb250f92') in 0.010828 seconds
Number of updated asset objects reloaded before import = 0
Number of asset objects unloaded after import = 3
========================================================================
Received Import Request.
  Time since last request: 0.000020 seconds.
  path: Assets/Sprites/Caminos/platformer/Tile_60.asset
  artifactKey: Guid(3a0f50cce6af8ad4d935870680905c8c) Importer(815301076,1909f56bfc062723c751e8b465ee728b)
Start importing Assets/Sprites/Caminos/platformer/Tile_60.asset using Guid(3a0f50cce6af8ad4d935870680905c8c) Importer(815301076,1909f56bfc062723c751e8b465ee728b) [PhysX] Initialized MultithreadedTaskDispatcher with 12 workers.
 -> (artifact id: 'af36daf34839ff0c50a9a9ad8b2a5ce8') in 0.011768 seconds
Number of updated asset objects reloaded before import = 0
Number of asset objects unloaded after import = 3
========================================================================
Received Import Request.
  Time since last request: 0.007725 seconds.
  path: Assets/Sprites/Caminos/platformer/Tile_61.asset
  artifactKey: Guid(112518cce642ed348a58fee827416823) Importer(815301076,1909f56bfc062723c751e8b465ee728b)
Start importing Assets/Sprites/Caminos/platformer/Tile_61.asset using Guid(112518cce642ed348a58fee827416823) Importer(815301076,1909f56bfc062723c751e8b465ee728b) [PhysX] Initialized MultithreadedTaskDispatcher with 12 workers.
 -> (artifact id: '89706db94412169f22c18477018ec10a') in 0.010950 seconds
Number of updated asset objects reloaded before import = 0
Number of asset objects unloaded after import = 3
========================================================================
Received Import Request.
  Time since last request: 0.469354 seconds.
  path: Assets/Sprites/Caminos/platformer/Tile_65.asset
  artifactKey: Guid(592ad12e6177287408cee016916fd40d) Importer(815301076,1909f56bfc062723c751e8b465ee728b)
Start importing Assets/Sprites/Caminos/platformer/Tile_65.asset using Guid(592ad12e6177287408cee016916fd40d) Importer(815301076,1909f56bfc062723c751e8b465ee728b) [PhysX] Initialized MultithreadedTaskDispatcher with 12 workers.
 -> (artifact id: '2eae97102b60ffad66590ceec1dadd13') in 0.010860 seconds
Number of updated asset objects reloaded before import = 0
Number of asset objects unloaded after import = 3
========================================================================
Received Import Request.
  Time since last request: 0.000026 seconds.
  path: Assets/Sprites/Caminos/platformer/Tile_68.asset
  artifactKey: Guid(324e70deaa7676846b2cb811f083a80d) Importer(815301076,1909f56bfc062723c751e8b465ee728b)
Start importing Assets/Sprites/Caminos/platformer/Tile_68.asset using Guid(324e70deaa7676846b2cb811f083a80d) Importer(815301076,1909f56bfc062723c751e8b465ee728b) [PhysX] Initialized MultithreadedTaskDispatcher with 12 workers.
 -> (artifact id: '47f42a4d5bf2246484c2cb790a22be10') in 0.009795 seconds
Number of updated asset objects reloaded before import = 0
Number of asset objects unloaded after import = 3
========================================================================
Received Import Request.
  Time since last request: 0.008877 seconds.
  path: Assets/Sprites/Caminos/platformer/Tile_69.asset
  artifactKey: Guid(a4645eb1d383300438676a218dfb3795) Importer(815301076,1909f56bfc062723c751e8b465ee728b)
Start importing Assets/Sprites/Caminos/platformer/Tile_69.asset using Guid(a4645eb1d383300438676a218dfb3795) Importer(815301076,1909f56bfc062723c751e8b465ee728b) [PhysX] Initialized MultithreadedTaskDispatcher with 12 workers.
 -> (artifact id: 'fd1753189ef11e2221a90710b2e0abb9') in 0.010647 seconds
Number of updated asset objects reloaded before import = 0
Number of asset objects unloaded after import = 3
========================================================================
Received Import Request.
  Time since last request: 0.000018 seconds.
  path: Assets/Sprites/Caminos/platformer/Tile_74.asset
  artifactKey: Guid(85c2cf822341a554a81d94c0320cad12) Importer(815301076,1909f56bfc062723c751e8b465ee728b)
Start importing Assets/Sprites/Caminos/platformer/Tile_74.asset using Guid(85c2cf822341a554a81d94c0320cad12) Importer(815301076,1909f56bfc062723c751e8b465ee728b) [PhysX] Initialized MultithreadedTaskDispatcher with 12 workers.
 -> (artifact id: '25aeefd19f1707ba136918a564a9e7b5') in 0.011359 seconds
Number of updated asset objects reloaded before import = 0
Number of asset objects unloaded after import = 3
========================================================================
Received Import Request.
  Time since last request: 0.000017 seconds.
  path: Assets/Sprites/Caminos/platformer/Tile_79.asset
  artifactKey: Guid(9a44569a39400cc439c0408c437f591e) Importer(815301076,1909f56bfc062723c751e8b465ee728b)
Start importing Assets/Sprites/Caminos/platformer/Tile_79.asset using Guid(9a44569a39400cc439c0408c437f591e) Importer(815301076,1909f56bfc062723c751e8b465ee728b) [PhysX] Initialized MultithreadedTaskDispatcher with 12 workers.
 -> (artifact id: '15642c604259a2c9a2d211fcdf458eba') in 0.010861 seconds
Number of updated asset objects reloaded before import = 0
Number of asset objects unloaded after import = 3
========================================================================
Received Import Request.
  Time since last request: 0.000020 seconds.
  path: Assets/Sprites/Caminos/platformer/Tile_75.asset
  artifactKey: Guid(0f7e9206a0e7c824693dc4bf73303070) Importer(815301076,1909f56bfc062723c751e8b465ee728b)
Start importing Assets/Sprites/Caminos/platformer/Tile_75.asset using Guid(0f7e9206a0e7c824693dc4bf73303070) Importer(815301076,1909f56bfc062723c751e8b465ee728b) [PhysX] Initialized MultithreadedTaskDispatcher with 12 workers.
 -> (artifact id: 'ce0802810891e26454fe1541166072b3') in 0.011472 seconds
Number of updated asset objects reloaded before import = 0
Number of asset objects unloaded after import = 3
========================================================================
Received Import Request.
  Time since last request: 0.384007 seconds.
  path: Assets/Sprites/Caminos/platformer/Tile_81.asset
  artifactKey: Guid(c6dde4018713fc34d95804da9329747f) Importer(815301076,1909f56bfc062723c751e8b465ee728b)
Start importing Assets/Sprites/Caminos/platformer/Tile_81.asset using Guid(c6dde4018713fc34d95804da9329747f) Importer(815301076,1909f56bfc062723c751e8b465ee728b) [PhysX] Initialized MultithreadedTaskDispatcher with 12 workers.
 -> (artifact id: 'efd50728099f3dd9762b969660aec846') in 0.014101 seconds
Number of updated asset objects reloaded before import = 0
Number of asset objects unloaded after import = 3
========================================================================
Received Import Request.
  Time since last request: 0.000017 seconds.
  path: Assets/Sprites/Caminos/platformer/Tile_84.asset
  artifactKey: Guid(b7d5e50d4f1679f4e9567d04617bd2e5) Importer(815301076,1909f56bfc062723c751e8b465ee728b)
Start importing Assets/Sprites/Caminos/platformer/Tile_84.asset using Guid(b7d5e50d4f1679f4e9567d04617bd2e5) Importer(815301076,1909f56bfc062723c751e8b465ee728b) [PhysX] Initialized MultithreadedTaskDispatcher with 12 workers.
 -> (artifact id: 'a16db34106b524ac2759d95c066f58fa') in 0.009582 seconds
Number of updated asset objects reloaded before import = 0
Number of asset objects unloaded after import = 3
========================================================================
Received Import Request.
  Time since last request: 0.006839 seconds.
  path: Assets/Sprites/Caminos/platformer/Tile_85.asset
  artifactKey: Guid(4c11d19c3ff831641a50fd5ef2b6eb19) Importer(815301076,1909f56bfc062723c751e8b465ee728b)
Start importing Assets/Sprites/Caminos/platformer/Tile_85.asset using Guid(4c11d19c3ff831641a50fd5ef2b6eb19) Importer(815301076,1909f56bfc062723c751e8b465ee728b) [PhysX] Initialized MultithreadedTaskDispatcher with 12 workers.
 -> (artifact id: '421ce2a132990d25c4dd6c23da07f242') in 0.010668 seconds
Number of updated asset objects reloaded before import = 0
Number of asset objects unloaded after import = 3
========================================================================
Received Import Request.
  Time since last request: 0.000020 seconds.
  path: Assets/Sprites/Caminos/platformer/Tile_88.asset
  artifactKey: Guid(262d425bf818d0f4a88eae5702786dcc) Importer(815301076,1909f56bfc062723c751e8b465ee728b)
Start importing Assets/Sprites/Caminos/platformer/Tile_88.asset using Guid(262d425bf818d0f4a88eae5702786dcc) Importer(815301076,1909f56bfc062723c751e8b465ee728b) [PhysX] Initialized MultithreadedTaskDispatcher with 12 workers.
 -> (artifact id: '4d50a3c76b401ce548f61b194fa99422') in 0.010678 seconds
Number of updated asset objects reloaded before import = 0
Number of asset objects unloaded after import = 3
========================================================================
Received Import Request.
  Time since last request: 0.012516 seconds.
  path: Assets/Sprites/Caminos/platformer/Tile_93.asset
  artifactKey: Guid(f41364b6cf46a804aa9b2bdc8f47c750) Importer(815301076,1909f56bfc062723c751e8b465ee728b)
Start importing Assets/Sprites/Caminos/platformer/Tile_93.asset using Guid(f41364b6cf46a804aa9b2bdc8f47c750) Importer(815301076,1909f56bfc062723c751e8b465ee728b) [PhysX] Initialized MultithreadedTaskDispatcher with 12 workers.
 -> (artifact id: 'b901bd7e11f8c9ca7caec1cf866a5312') in 0.010493 seconds
Number of updated asset objects reloaded before import = 0
Number of asset objects unloaded after import = 3
========================================================================
Received Import Request.
  Time since last request: 0.000019 seconds.
  path: Assets/Sprites/Caminos/platformer/Tile_95.asset
  artifactKey: Guid(7d34ae3dbcca8ca4eac8f8c0dcb49cd8) Importer(815301076,1909f56bfc062723c751e8b465ee728b)
Start importing Assets/Sprites/Caminos/platformer/Tile_95.asset using Guid(7d34ae3dbcca8ca4eac8f8c0dcb49cd8) Importer(815301076,1909f56bfc062723c751e8b465ee728b) [PhysX] Initialized MultithreadedTaskDispatcher with 12 workers.
 -> (artifact id: '90cdc511e453bea704b7b3ff99afa9dd') in 0.010477 seconds
Number of updated asset objects reloaded before import = 0
Number of asset objects unloaded after import = 3
========================================================================
Received Import Request.
  Time since last request: 44.219922 seconds.
  path: Assets/Tile Palettes/Tile_83.asset
  artifactKey: Guid(ffe62de7df1239d4388121dc7cab1c50) Importer(815301076,1909f56bfc062723c751e8b465ee728b)
Start importing Assets/Tile Palettes/Tile_83.asset using Guid(ffe62de7df1239d4388121dc7cab1c50) Importer(815301076,1909f56bfc062723c751e8b465ee728b) [PhysX] Initialized MultithreadedTaskDispatcher with 12 workers.
 -> (artifact id: 'e757d8a6be176263909947385671e056') in 0.010654 seconds
Number of updated asset objects reloaded before import = 0
Number of asset objects unloaded after import = 3
========================================================================
Received Import Request.
  Time since last request: 0.000027 seconds.
  path: Assets/Tile Palettes/Tile_86.asset
  artifactKey: Guid(0543a34d732692443ae1e9e603c37cd4) Importer(815301076,1909f56bfc062723c751e8b465ee728b)
Start importing Assets/Tile Palettes/Tile_86.asset using Guid(0543a34d732692443ae1e9e603c37cd4) Importer(815301076,1909f56bfc062723c751e8b465ee728b) [PhysX] Initialized MultithreadedTaskDispatcher with 12 workers.
 -> (artifact id: '8ec2e256ca48facbe1461c06e5435243') in 0.009377 seconds
Number of updated asset objects reloaded before import = 0
Number of asset objects unloaded after import = 3
========================================================================
Received Import Request.
  Time since last request: 0.000028 seconds.
  path: Assets/Tile Palettes/Tile_95.asset
  artifactKey: Guid(d316100c5ae14fc49925118a23c8c6a3) Importer(815301076,1909f56bfc062723c751e8b465ee728b)
Start importing Assets/Tile Palettes/Tile_95.asset using Guid(d316100c5ae14fc49925118a23c8c6a3) Importer(815301076,1909f56bfc062723c751e8b465ee728b) [PhysX] Initialized MultithreadedTaskDispatcher with 12 workers.
 -> (artifact id: 'd53cc25618111e9beec5b5d1ebee9bd4') in 0.005704 seconds
Number of updated asset objects reloaded before import = 0
Number of asset objects unloaded after import = 3
========================================================================
Received Import Request.
  Time since last request: 0.000018 seconds.
  path: Assets/Tile Palettes/Tile_94.asset
  artifactKey: Guid(4aa219da0f99a6a448bdd3bc42650f9a) Importer(815301076,1909f56bfc062723c751e8b465ee728b)
Start importing Assets/Tile Palettes/Tile_94.asset using Guid(4aa219da0f99a6a448bdd3bc42650f9a) Importer(815301076,1909f56bfc062723c751e8b465ee728b) [PhysX] Initialized MultithreadedTaskDispatcher with 12 workers.
 -> (artifact id: 'd78a0ede9e66749d70345f1989f9071f') in 0.007041 seconds
Number of updated asset objects reloaded before import = 0
Number of asset objects unloaded after import = 3
========================================================================
Received Import Request.
  Time since last request: 0.833312 seconds.
  path: Assets/Tile Palettes/Tile_79.asset
  artifactKey: Guid(484c052e5f577eb4e85d866ade0048b0) Importer(815301076,1909f56bfc062723c751e8b465ee728b)
Start importing Assets/Tile Palettes/Tile_79.asset using Guid(484c052e5f577eb4e85d866ade0048b0) Importer(815301076,1909f56bfc062723c751e8b465ee728b) [PhysX] Initialized MultithreadedTaskDispatcher with 12 workers.
 -> (artifact id: 'ae1071a3b2a697e7aa955eb1eb7617fc') in 0.006589 seconds
Number of updated asset objects reloaded before import = 0
Number of asset objects unloaded after import = 3
========================================================================
Received Import Request.
  Time since last request: 0.000017 seconds.
  path: Assets/Tile Palettes/Tile_82.asset
  artifactKey: Guid(7719f78dbf1976b4ca43b6afcfdd5165) Importer(815301076,1909f56bfc062723c751e8b465ee728b)
Start importing Assets/Tile Palettes/Tile_82.asset using Guid(7719f78dbf1976b4ca43b6afcfdd5165) Importer(815301076,1909f56bfc062723c751e8b465ee728b) [PhysX] Initialized MultithreadedTaskDispatcher with 12 workers.
 -> (artifact id: '2170d2cfb1a41493136c7dafebb99cc4') in 0.008737 seconds
Number of updated asset objects reloaded before import = 0
Number of asset objects unloaded after import = 3
========================================================================
Received Import Request.
  Time since last request: 0.030049 seconds.
  path: Assets/Tile Palettes/Tile_67.asset
  artifactKey: Guid(3d4f191599ac9ee4aa09139786dab920) Importer(815301076,1909f56bfc062723c751e8b465ee728b)
Start importing Assets/Tile Palettes/Tile_67.asset using Guid(3d4f191599ac9ee4aa09139786dab920) Importer(815301076,1909f56bfc062723c751e8b465ee728b) [PhysX] Initialized MultithreadedTaskDispatcher with 12 workers.
 -> (artifact id: '7455fa804a70b30b7c981888c368eac4') in 0.009790 seconds
Number of updated asset objects reloaded before import = 0
Number of asset objects unloaded after import = 3
========================================================================
Received Import Request.
  Time since last request: 0.000014 seconds.
  path: Assets/Tile Palettes/Tile_71.asset
  artifactKey: Guid(eeb751ea3daf75f40a9237dc2f2d5fbb) Importer(815301076,1909f56bfc062723c751e8b465ee728b)
Start importing Assets/Tile Palettes/Tile_71.asset using Guid(eeb751ea3daf75f40a9237dc2f2d5fbb) Importer(815301076,1909f56bfc062723c751e8b465ee728b) [PhysX] Initialized MultithreadedTaskDispatcher with 12 workers.
 -> (artifact id: 'fe3e2e01e43abf63ee6163f397a9ee9c') in 0.007496 seconds
Number of updated asset objects reloaded before import = 0
Number of asset objects unloaded after import = 3
========================================================================
Received Import Request.
  Time since last request: 0.000020 seconds.
  path: Assets/Tile Palettes/Tile_74.asset
  artifactKey: Guid(d4085f855f21237468c2faa7ee201ff0) Importer(815301076,1909f56bfc062723c751e8b465ee728b)
Start importing Assets/Tile Palettes/Tile_74.asset using Guid(d4085f855f21237468c2faa7ee201ff0) Importer(815301076,1909f56bfc062723c751e8b465ee728b) [PhysX] Initialized MultithreadedTaskDispatcher with 12 workers.
 -> (artifact id: '13f46f88b378d547eaf544f758015825') in 0.006805 seconds
Number of updated asset objects reloaded before import = 0
Number of asset objects unloaded after import = 3
========================================================================
Received Import Request.
  Time since last request: 0.000018 seconds.
  path: Assets/Tile Palettes/Tile_63.asset
  artifactKey: Guid(ee93a35285071224f85a92c9f0ebaa21) Importer(815301076,1909f56bfc062723c751e8b465ee728b)
Start importing Assets/Tile Palettes/Tile_63.asset using Guid(ee93a35285071224f85a92c9f0ebaa21) Importer(815301076,1909f56bfc062723c751e8b465ee728b) [PhysX] Initialized MultithreadedTaskDispatcher with 12 workers.
 -> (artifact id: 'a6f6706d8dda28c51e95d467f9f898e4') in 0.008751 seconds
Number of updated asset objects reloaded before import = 0
Number of asset objects unloaded after import = 3
========================================================================
Received Import Request.
  Time since last request: 0.000022 seconds.
  path: Assets/Tile Palettes/Tile_66.asset
  artifactKey: Guid(5b8710655cca76645a95fc3f32431ad8) Importer(815301076,1909f56bfc062723c751e8b465ee728b)
Start importing Assets/Tile Palettes/Tile_66.asset using Guid(5b8710655cca76645a95fc3f32431ad8) Importer(815301076,1909f56bfc062723c751e8b465ee728b) [PhysX] Initialized MultithreadedTaskDispatcher with 12 workers.
 -> (artifact id: 'be6716d9d45a183a72faa9fab4360ca8') in 0.005224 seconds
Number of updated asset objects reloaded before import = 0
Number of asset objects unloaded after import = 3
========================================================================
Received Import Request.
  Time since last request: 0.000015 seconds.
  path: Assets/Tile Palettes/Tile_76.asset
  artifactKey: Guid(f696885041e2e1b4598fae2beb69f1e8) Importer(815301076,1909f56bfc062723c751e8b465ee728b)
Start importing Assets/Tile Palettes/Tile_76.asset using Guid(f696885041e2e1b4598fae2beb69f1e8) Importer(815301076,1909f56bfc062723c751e8b465ee728b) [PhysX] Initialized MultithreadedTaskDispatcher with 12 workers.
 -> (artifact id: '748eb29590d3f42523c0eae020f1c26a') in 0.005306 seconds
Number of updated asset objects reloaded before import = 0
Number of asset objects unloaded after import = 3
========================================================================
Received Import Request.
  Time since last request: 0.183524 seconds.
  path: Assets/Tile Palettes/Tile_59.asset
  artifactKey: Guid(48bf32a89ecd0d5468cd7da8ceb5840a) Importer(815301076,1909f56bfc062723c751e8b465ee728b)
Start importing Assets/Tile Palettes/Tile_59.asset using Guid(48bf32a89ecd0d5468cd7da8ceb5840a) Importer(815301076,1909f56bfc062723c751e8b465ee728b) [PhysX] Initialized MultithreadedTaskDispatcher with 12 workers.
 -> (artifact id: 'fddb249034665c4978abaadf0e64d611') in 0.006051 seconds
Number of updated asset objects reloaded before import = 0
Number of asset objects unloaded after import = 3
========================================================================
Received Import Request.
  Time since last request: 0.003324 seconds.
  path: Assets/Tile Palettes/Tile_55.asset
  artifactKey: Guid(6fbb76fb658298f4badaea356e5c2f39) Importer(815301076,1909f56bfc062723c751e8b465ee728b)
Start importing Assets/Tile Palettes/Tile_55.asset using Guid(6fbb76fb658298f4badaea356e5c2f39) Importer(815301076,1909f56bfc062723c751e8b465ee728b) [PhysX] Initialized MultithreadedTaskDispatcher with 12 workers.
 -> (artifact id: '70f12b9f6f0999e877e1c4763183fcae') in 0.006017 seconds
Number of updated asset objects reloaded before import = 0
Number of asset objects unloaded after import = 3
========================================================================
Received Import Request.
  Time since last request: 0.029667 seconds.
  path: Assets/Tile Palettes/Tile_43.asset
  artifactKey: Guid(ca4c7c1222f628643b80f178187f1571) Importer(815301076,1909f56bfc062723c751e8b465ee728b)
Start importing Assets/Tile Palettes/Tile_43.asset using Guid(ca4c7c1222f628643b80f178187f1571) Importer(815301076,1909f56bfc062723c751e8b465ee728b) [PhysX] Initialized MultithreadedTaskDispatcher with 12 workers.
 -> (artifact id: '7179642b256732bea870ab6bd22b34e4') in 0.006672 seconds
Number of updated asset objects reloaded before import = 0
Number of asset objects unloaded after import = 3
========================================================================
Received Import Request.
  Time since last request: 0.000022 seconds.
  path: Assets/Tile Palettes/Tile_46.asset
  artifactKey: Guid(5d5bc8e14bffba94ea37a7345c90f2a1) Importer(815301076,1909f56bfc062723c751e8b465ee728b)
Start importing Assets/Tile Palettes/Tile_46.asset using Guid(5d5bc8e14bffba94ea37a7345c90f2a1) Importer(815301076,1909f56bfc062723c751e8b465ee728b) [PhysX] Initialized MultithreadedTaskDispatcher with 12 workers.
 -> (artifact id: '649c83269158bb0e9630cbfd78e359c4') in 0.006262 seconds
Number of updated asset objects reloaded before import = 0
Number of asset objects unloaded after import = 3
========================================================================
Received Import Request.
  Time since last request: 0.000018 seconds.
  path: Assets/Tile Palettes/Tile_47.asset
  artifactKey: Guid(9c5d34b3e3827864eaf2efd69f4fbca5) Importer(815301076,1909f56bfc062723c751e8b465ee728b)
Start importing Assets/Tile Palettes/Tile_47.asset using Guid(9c5d34b3e3827864eaf2efd69f4fbca5) Importer(815301076,1909f56bfc062723c751e8b465ee728b) [PhysX] Initialized MultithreadedTaskDispatcher with 12 workers.
 -> (artifact id: 'd144315e3e60cf0183288a7e2c22cc8f') in 0.016850 seconds
Number of updated asset objects reloaded before import = 0
Number of asset objects unloaded after import = 3
========================================================================
Received Import Request.
  Time since last request: 0.000024 seconds.
  path: Assets/Tile Palettes/Tile_53.asset
  artifactKey: Guid(09e53868f6a7c9f4da77397717d79512) Importer(815301076,1909f56bfc062723c751e8b465ee728b)
Start importing Assets/Tile Palettes/Tile_53.asset using Guid(09e53868f6a7c9f4da77397717d79512) Importer(815301076,1909f56bfc062723c751e8b465ee728b) [PhysX] Initialized MultithreadedTaskDispatcher with 12 workers.
 -> (artifact id: '2d8a13cec16667b51829fb057bab3322') in 0.005856 seconds
Number of updated asset objects reloaded before import = 0
Number of asset objects unloaded after import = 3
========================================================================
Received Import Request.
  Time since last request: 0.181391 seconds.
  path: Assets/Tile Palettes/Tile_39.asset
  artifactKey: Guid(52cabe78898b0494f9eee1350ac65ea3) Importer(815301076,1909f56bfc062723c751e8b465ee728b)
Start importing Assets/Tile Palettes/Tile_39.asset using Guid(52cabe78898b0494f9eee1350ac65ea3) Importer(815301076,1909f56bfc062723c751e8b465ee728b) [PhysX] Initialized MultithreadedTaskDispatcher with 12 workers.
 -> (artifact id: '5b297adc75e5cd3e55580fa5da67c9b8') in 0.005957 seconds
Number of updated asset objects reloaded before import = 0
Number of asset objects unloaded after import = 3
========================================================================
Received Import Request.
  Time since last request: 0.000019 seconds.
  path: Assets/Tile Palettes/Tile_42.asset
  artifactKey: Guid(691710e9013714d4f945da1b9505c372) Importer(815301076,1909f56bfc062723c751e8b465ee728b)
Start importing Assets/Tile Palettes/Tile_42.asset using Guid(691710e9013714d4f945da1b9505c372) Importer(815301076,1909f56bfc062723c751e8b465ee728b) [PhysX] Initialized MultithreadedTaskDispatcher with 12 workers.
 -> (artifact id: '2ff6582506009e1a8d5901fd966058f3') in 0.006212 seconds
Number of updated asset objects reloaded before import = 0
Number of asset objects unloaded after import = 3
========================================================================
Received Import Request.
  Time since last request: 0.000018 seconds.
  path: Assets/Tile Palettes/Tile_37.asset
  artifactKey: Guid(3e0889f790ce98248ac2c33ca1eeb38e) Importer(815301076,1909f56bfc062723c751e8b465ee728b)
Start importing Assets/Tile Palettes/Tile_37.asset using Guid(3e0889f790ce98248ac2c33ca1eeb38e) Importer(815301076,1909f56bfc062723c751e8b465ee728b) [PhysX] Initialized MultithreadedTaskDispatcher with 12 workers.
 -> (artifact id: '5bc14968e075dacd6f2519bb29819a9e') in 0.005353 seconds
Number of updated asset objects reloaded before import = 0
Number of asset objects unloaded after import = 3
========================================================================
Received Import Request.
  Time since last request: 0.021723 seconds.
  path: Assets/Tile Palettes/Tile_23.asset
  artifactKey: Guid(1aec43d559b28ed449a9d1c27091567e) Importer(815301076,1909f56bfc062723c751e8b465ee728b)
Start importing Assets/Tile Palettes/Tile_23.asset using Guid(1aec43d559b28ed449a9d1c27091567e) Importer(815301076,1909f56bfc062723c751e8b465ee728b) [PhysX] Initialized MultithreadedTaskDispatcher with 12 workers.
 -> (artifact id: '18c976bf6d0812ef9012482449b88dd3') in 0.006954 seconds
Number of updated asset objects reloaded before import = 0
Number of asset objects unloaded after import = 3
========================================================================
Received Import Request.
  Time since last request: 0.000019 seconds.
  path: Assets/Tile Palettes/Tile_30.asset
  artifactKey: Guid(fd0797e0566dd7846b2b4a68f7f6606b) Importer(815301076,1909f56bfc062723c751e8b465ee728b)
Start importing Assets/Tile Palettes/Tile_30.asset using Guid(fd0797e0566dd7846b2b4a68f7f6606b) Importer(815301076,1909f56bfc062723c751e8b465ee728b) [PhysX] Initialized MultithreadedTaskDispatcher with 12 workers.
 -> (artifact id: '6aff0c6246b547f4c24e0bcbca718f44') in 0.006250 seconds
Number of updated asset objects reloaded before import = 0
Number of asset objects unloaded after import = 3
========================================================================
Received Import Request.
  Time since last request: 0.000018 seconds.
  path: Assets/Tile Palettes/Tile_29.asset
  artifactKey: Guid(064e095ba8b7fac4db19cf3c852f7fc0) Importer(815301076,1909f56bfc062723c751e8b465ee728b)
Start importing Assets/Tile Palettes/Tile_29.asset using Guid(064e095ba8b7fac4db19cf3c852f7fc0) Importer(815301076,1909f56bfc062723c751e8b465ee728b) [PhysX] Initialized MultithreadedTaskDispatcher with 12 workers.
 -> (artifact id: '12809592c2fd689d354c23b11357d94a') in 0.011499 seconds
Number of updated asset objects reloaded before import = 0
Number of asset objects unloaded after import = 3
========================================================================
Received Import Request.
  Time since last request: 0.000017 seconds.
  path: Assets/Tile Palettes/Tile_34.asset
  artifactKey: Guid(e0c4e191c2406cb499ae1d91a9873597) Importer(815301076,1909f56bfc062723c751e8b465ee728b)
Start importing Assets/Tile Palettes/Tile_34.asset using Guid(e0c4e191c2406cb499ae1d91a9873597) Importer(815301076,1909f56bfc062723c751e8b465ee728b) [PhysX] Initialized MultithreadedTaskDispatcher with 12 workers.
 -> (artifact id: '09ff70a463e7fbdc6b1d8e6334934e1a') in 0.010479 seconds
Number of updated asset objects reloaded before import = 0
Number of asset objects unloaded after import = 3
========================================================================
Received Import Request.
  Time since last request: 0.206515 seconds.
  path: Assets/Tile Palettes/Tile_19.asset
  artifactKey: Guid(c7e846b9515daaa428324ac5d238222c) Importer(815301076,1909f56bfc062723c751e8b465ee728b)
Start importing Assets/Tile Palettes/Tile_19.asset using Guid(c7e846b9515daaa428324ac5d238222c) Importer(815301076,1909f56bfc062723c751e8b465ee728b) [PhysX] Initialized MultithreadedTaskDispatcher with 12 workers.
 -> (artifact id: '08471f4c81a512fe0e2c7452c7c3d2be') in 0.008811 seconds
Number of updated asset objects reloaded before import = 0
Number of asset objects unloaded after import = 3
========================================================================
Received Import Request.
  Time since last request: 0.000025 seconds.
  path: Assets/Tile Palettes/Tile_22.asset
  artifactKey: Guid(e8de50123a80d0845a2d9165f3a56873) Importer(815301076,1909f56bfc062723c751e8b465ee728b)
Start importing Assets/Tile Palettes/Tile_22.asset using Guid(e8de50123a80d0845a2d9165f3a56873) Importer(815301076,1909f56bfc062723c751e8b465ee728b) [PhysX] Initialized MultithreadedTaskDispatcher with 12 workers.
 -> (artifact id: 'c77f17e7a7e4497dd37e81c4caa0ccfd') in 0.009040 seconds
Number of updated asset objects reloaded before import = 0
Number of asset objects unloaded after import = 3
========================================================================
Received Import Request.
  Time since last request: 0.000022 seconds.
  path: Assets/Tile Palettes/Tile_09.asset
  artifactKey: Guid(f16a2f3eeeedd0c49bae9519c65b940d) Importer(815301076,1909f56bfc062723c751e8b465ee728b)
Start importing Assets/Tile Palettes/Tile_09.asset using Guid(f16a2f3eeeedd0c49bae9519c65b940d) Importer(815301076,1909f56bfc062723c751e8b465ee728b) [PhysX] Initialized MultithreadedTaskDispatcher with 12 workers.
 -> (artifact id: 'f9cbd91bf30f74ac22675bedbe1de0d8') in 0.011276 seconds
Number of updated asset objects reloaded before import = 0
Number of asset objects unloaded after import = 3
========================================================================
Received Import Request.
  Time since last request: 0.000019 seconds.
  path: Assets/Tile Palettes/Tile_10.asset
  artifactKey: Guid(1792924265d7657448b8f3ae248c6b48) Importer(815301076,1909f56bfc062723c751e8b465ee728b)
Start importing Assets/Tile Palettes/Tile_10.asset using Guid(1792924265d7657448b8f3ae248c6b48) Importer(815301076,1909f56bfc062723c751e8b465ee728b) [PhysX] Initialized MultithreadedTaskDispatcher with 12 workers.
 -> (artifact id: '931b47b81178c969f830895f81d19da1') in 0.013156 seconds
Number of updated asset objects reloaded before import = 0
Number of asset objects unloaded after import = 3
========================================================================
Received Import Request.
  Time since last request: 0.000029 seconds.
  path: Assets/Tile Palettes/Tile_13.asset
  artifactKey: Guid(a6f30295a0dbb9446b0d415bd92e795a) Importer(815301076,1909f56bfc062723c751e8b465ee728b)
Start importing Assets/Tile Palettes/Tile_13.asset using Guid(a6f30295a0dbb9446b0d415bd92e795a) Importer(815301076,1909f56bfc062723c751e8b465ee728b) [PhysX] Initialized MultithreadedTaskDispatcher with 12 workers.
 -> (artifact id: 'db53184894fdc56fee2b911d38948a3b') in 0.006826 seconds
Number of updated asset objects reloaded before import = 0
Number of asset objects unloaded after import = 3
========================================================================
Received Import Request.
  Time since last request: 0.000017 seconds.
  path: Assets/Tile Palettes/Ladder1.asset
  artifactKey: Guid(3e1b49e84cb17704294bf5db151c33c7) Importer(815301076,1909f56bfc062723c751e8b465ee728b)
Start importing Assets/Tile Palettes/Ladder1.asset using Guid(3e1b49e84cb17704294bf5db151c33c7) Importer(815301076,1909f56bfc062723c751e8b465ee728b) [PhysX] Initialized MultithreadedTaskDispatcher with 12 workers.
 -> (artifact id: 'b192fdd922b9b63735750e91a9bcf379') in 0.007984 seconds
Number of updated asset objects reloaded before import = 0
Number of asset objects unloaded after import = 3
========================================================================
Received Import Request.
  Time since last request: 0.000022 seconds.
  path: Assets/Tile Palettes/Tile_03.asset
  artifactKey: Guid(d2dd6c794c4de57438496969638f41c5) Importer(815301076,1909f56bfc062723c751e8b465ee728b)
Start importing Assets/Tile Palettes/Tile_03.asset using Guid(d2dd6c794c4de57438496969638f41c5) Importer(815301076,1909f56bfc062723c751e8b465ee728b) [PhysX] Initialized MultithreadedTaskDispatcher with 12 workers.
 -> (artifact id: '4b51bca95dbb50633c272cc1e675dbb0') in 0.014857 seconds
Number of updated asset objects reloaded before import = 0
Number of asset objects unloaded after import = 3
========================================================================
Received Import Request.
  Time since last request: 0.000054 seconds.
  path: Assets/Tile Palettes/Tile_04.asset
  artifactKey: Guid(3cd01019892151e458ef5f05900349a0) Importer(815301076,1909f56bfc062723c751e8b465ee728b)
Start importing Assets/Tile Palettes/Tile_04.asset using Guid(3cd01019892151e458ef5f05900349a0) Importer(815301076,1909f56bfc062723c751e8b465ee728b) [PhysX] Initialized MultithreadedTaskDispatcher with 12 workers.
 -> (artifact id: '3b19953653a47f6bd322168cfe2287a6') in 0.005166 seconds
Number of updated asset objects reloaded before import = 0
Number of asset objects unloaded after import = 3
========================================================================
Received Import Request.
  Time since last request: 5206.022505 seconds.
  path: Assets/TextMesh Pro/Fonts
  artifactKey: Guid(6ab70aee4d56447429c680537fbf93ed) Importer(815301076,1909f56bfc062723c751e8b465ee728b)
Start importing Assets/TextMesh Pro/Fonts using Guid(6ab70aee4d56447429c680537fbf93ed) Importer(815301076,1909f56bfc062723c751e8b465ee728b) [PhysX] Initialized MultithreadedTaskDispatcher with 12 workers.
 -> (artifact id: '20111567da1f29bfd88bf993dacb0055') in 0.001057 seconds
Number of updated asset objects reloaded before import = 0
Number of asset objects unloaded after import = 0
========================================================================
Received Import Request.
  Time since last request: 0.057293 seconds.
  path: Assets/TextMesh Pro/Fonts/LiberationSans.ttf
  artifactKey: Guid(e3265ab4bf004d28a9537516768c1c75) Importer(815301076,1909f56bfc062723c751e8b465ee728b)
Start importing Assets/TextMesh Pro/Fonts/LiberationSans.ttf using Guid(e3265ab4bf004d28a9537516768c1c75) Importer(815301076,1909f56bfc062723c751e8b465ee728b) [PhysX] Initialized MultithreadedTaskDispatcher with 12 workers.
[PhysX] Initialized MultithreadedTaskDispatcher with 12 workers.
[PhysX] Initialized MultithreadedTaskDispatcher with 12 workers.
 -> (artifact id: '0624b581fda9a5f7d210313e9b093419') in 0.050242 seconds
Number of updated asset objects reloaded before import = 0
Number of asset objects unloaded after import = 5
========================================================================
Received Import Request.
  Time since last request: 5.540147 seconds.
  path: Assets/Tile Palettes/Platformer.prefab
  artifactKey: Guid(bf8c779ab88866f449a9954368b5895b) Importer(815301076,1909f56bfc062723c751e8b465ee728b)
Start importing Assets/Tile Palettes/Platformer.prefab using Guid(bf8c779ab88866f449a9954368b5895b) Importer(815301076,1909f56bfc062723c751e8b465ee728b) [PhysX] Initialized MultithreadedTaskDispatcher with 12 workers.
[PhysX] Initialized MultithreadedTaskDispatcher with 12 workers.
 -> (artifact id: '16ea107011d262565e3f773a619dcf94') in 0.149808 seconds
Number of updated asset objects reloaded before import = 0
Number of asset objects unloaded after import = 302
========================================================================
Received Import Request.
  Time since last request: 9.770486 seconds.
  path: Assets/Tile Palettes/Platformer.prefab
  artifactKey: Guid(bf8c779ab88866f449a9954368b5895b) Importer(815301076,1909f56bfc062723c751e8b465ee728b)
Start importing Assets/Tile Palettes/Platformer.prefab using Guid(bf8c779ab88866f449a9954368b5895b) Importer(815301076,1909f56bfc062723c751e8b465ee728b) [PhysX] Initialized MultithreadedTaskDispatcher with 12 workers.
[PhysX] Initialized MultithreadedTaskDispatcher with 12 workers.
 -> (artifact id: '8cd2194050c0a839bbf86a56bcf7edae') in 0.080451 seconds
Number of updated asset objects reloaded before import = 0
Number of asset objects unloaded after import = 301
========================================================================
Received Import Request.
  Time since last request: 109.122239 seconds.
  path: Assets/Tile Palettes/Platformer.prefab
  artifactKey: Guid(bf8c779ab88866f449a9954368b5895b) Importer(815301076,1909f56bfc062723c751e8b465ee728b)
Start importing Assets/Tile Palettes/Platformer.prefab using Guid(bf8c779ab88866f449a9954368b5895b) Importer(815301076,1909f56bfc062723c751e8b465ee728b) [PhysX] Initialized MultithreadedTaskDispatcher with 12 workers.
[PhysX] Initialized MultithreadedTaskDispatcher with 12 workers.
 -> (artifact id: '08bbb39b1d3900e8f728488c228ed0ce') in 0.073250 seconds
Number of updated asset objects reloaded before import = 0
Number of asset objects unloaded after import = 302
========================================================================
Received Import Request.
  Time since last request: 42.551294 seconds.
  path: Assets/Tile Palettes/Ladder1.asset
  artifactKey: Guid(3e1b49e84cb17704294bf5db151c33c7) Importer(815301076,1909f56bfc062723c751e8b465ee728b)
Start importing Assets/Tile Palettes/Ladder1.asset using Guid(3e1b49e84cb17704294bf5db151c33c7) Importer(815301076,1909f56bfc062723c751e8b465ee728b) [PhysX] Initialized MultithreadedTaskDispatcher with 12 workers.
 -> (artifact id: '9c0dbc4b288f474184b95399c318d26c') in 0.006649 seconds
Number of updated asset objects reloaded before import = 0
Number of asset objects unloaded after import = 1
========================================================================
Received Import Request.
  Time since last request: 0.000073 seconds.
  path: Assets/Tile Palettes/Tile_02.asset
  artifactKey: Guid(2d40cc7f3ce5dc84f955524d62b828ef) Importer(815301076,1909f56bfc062723c751e8b465ee728b)
Start importing Assets/Tile Palettes/Tile_02.asset using Guid(2d40cc7f3ce5dc84f955524d62b828ef) Importer(815301076,1909f56bfc062723c751e8b465ee728b) [PhysX] Initialized MultithreadedTaskDispatcher with 12 workers.
 -> (artifact id: 'e657649066f11a54b5d801143675faff') in 0.002988 seconds
Number of updated asset objects reloaded before import = 0
Number of asset objects unloaded after import = 1
========================================================================
Received Import Request.
  Time since last request: 0.000021 seconds.
  path: Assets/Tile Palettes/Tile_03.asset
  artifactKey: Guid(d2dd6c794c4de57438496969638f41c5) Importer(815301076,1909f56bfc062723c751e8b465ee728b)
Start importing Assets/Tile Palettes/Tile_03.asset using Guid(d2dd6c794c4de57438496969638f41c5) Importer(815301076,1909f56bfc062723c751e8b465ee728b) [PhysX] Initialized MultithreadedTaskDispatcher with 12 workers.
 -> (artifact id: '35cdf3102093336b696326dbbf9e2665') in 0.002387 seconds
Number of updated asset objects reloaded before import = 0
Number of asset objects unloaded after import = 1
========================================================================
Received Import Request.
  Time since last request: 0.000016 seconds.
  path: Assets/Tile Palettes/Tile_01.asset
  artifactKey: Guid(38a932b4a830ed14daaff7f217fbcf6f) Importer(815301076,1909f56bfc062723c751e8b465ee728b)
Start importing Assets/Tile Palettes/Tile_01.asset using Guid(38a932b4a830ed14daaff7f217fbcf6f) Importer(815301076,1909f56bfc062723c751e8b465ee728b) [PhysX] Initialized MultithreadedTaskDispatcher with 12 workers.
 -> (artifact id: 'ad954b872e5bad1512c807e9b58d8092') in 0.003549 seconds
Number of updated asset objects reloaded before import = 0
Number of asset objects unloaded after import = 1
========================================================================
Received Import Request.
  Time since last request: 0.000023 seconds.
  path: Assets/Tile Palettes/Tile_04.asset
  artifactKey: Guid(3cd01019892151e458ef5f05900349a0) Importer(815301076,1909f56bfc062723c751e8b465ee728b)
Start importing Assets/Tile Palettes/Tile_04.asset using Guid(3cd01019892151e458ef5f05900349a0) Importer(815301076,1909f56bfc062723c751e8b465ee728b) [PhysX] Initialized MultithreadedTaskDispatcher with 12 workers.
 -> (artifact id: '78841699ef88dae76ae75813aff53a34') in 0.003143 seconds
Number of updated asset objects reloaded before import = 0
Number of asset objects unloaded after import = 1
Editor requested this worker to shutdown with reason: Scaling down because of idle timeout
TcpMessagingSession - receive error: operation aborted. errorcode: 995, details: La operacin de E/S se anul por una salida de subproceso o por una solicitud de aplicacin.
AssetImportWorker is now disconnected from the server
Process exiting
Exiting without the bug reporter. Application will terminate with return code 0