Using pre-set license
Built from '2022.3/staging' branch; Version is '2022.3.36f1 (95a4219250e5) revision 9806881'; Using compiler version '192829333'; Build Type 'Release'
OS: 'Windows 11  (10.0.22631) 64bit Professional' Language: 'es' Physical Memory: 32719 MB
BatchMode: 1, IsHumanControllingUs: 0, StartBugReporterOnCrash: 0, Is64bit: 1, IsPro: 1

COMMAND LINE ARGUMENTS:
C:\Program Files\Unity\Hub\Editor\2022.3.36f1\Editor\Unity.exe
-adb2
-batchMode
-noUpm
-name
AssetImportWorker3
-projectPath
C:/Users/erick/OneDrive/Documentos/GitHub/GroupD_SC602_LN_Project/JungleRuins-Adventure/JungleRuins-Adventure
-logFile
Logs/AssetImportWorker3.log
-srvPort
52552
Successfully changed project path to: C:/Users/erick/OneDrive/Documentos/GitHub/GroupD_SC602_LN_Project/JungleRuins-Adventure/JungleRuins-Adventure
C:/Users/erick/OneDrive/Documentos/GitHub/GroupD_SC602_LN_Project/JungleRuins-Adventure/JungleRuins-Adventure
[UnityMemory] Configuration Parameters - Can be set up in boot.config
    "memorysetup-bucket-allocator-granularity=16"
    "memorysetup-bucket-allocator-bucket-count=8"
    "memorysetup-bucket-allocator-block-size=33554432"
    "memorysetup-bucket-allocator-block-count=8"
    "memorysetup-main-allocator-block-size=16777216"
    "memorysetup-thread-allocator-block-size=16777216"
    "memorysetup-gfx-main-allocator-block-size=16777216"
    "memorysetup-gfx-thread-allocator-block-size=16777216"
    "memorysetup-cache-allocator-block-size=4194304"
    "memorysetup-typetree-allocator-block-size=2097152"
    "memorysetup-profiler-bucket-allocator-granularity=16"
    "memorysetup-profiler-bucket-allocator-bucket-count=8"
    "memorysetup-profiler-bucket-allocator-block-size=33554432"
    "memorysetup-profiler-bucket-allocator-block-count=8"
    "memorysetup-profiler-allocator-block-size=16777216"
    "memorysetup-profiler-editor-allocator-block-size=1048576"
    "memorysetup-temp-allocator-size-main=16777216"
    "memorysetup-job-temp-allocator-block-size=2097152"
    "memorysetup-job-temp-allocator-block-size-background=1048576"
    "memorysetup-job-temp-allocator-reduction-small-platforms=262144"
    "memorysetup-allocator-temp-initial-block-size-main=262144"
    "memorysetup-allocator-temp-initial-block-size-worker=262144"
    "memorysetup-temp-allocator-size-background-worker=32768"
    "memorysetup-temp-allocator-size-job-worker=262144"
    "memorysetup-temp-allocator-size-preload-manager=33554432"
    "memorysetup-temp-allocator-size-nav-mesh-worker=65536"
    "memorysetup-temp-allocator-size-audio-worker=65536"
    "memorysetup-temp-allocator-size-cloud-worker=32768"
    "memorysetup-temp-allocator-size-gi-baking-worker=262144"
    "memorysetup-temp-allocator-size-gfx=262144"
Player connection [29624] Host "[IP] 192.168.100.71 [Port] 0 [Flags] 2 [Guid] 2397977956 [EditorId] 2397977956 [Version] 1048832 [Id] WindowsEditor(7,DESKTOP-PP7SVQD) [Debug] 1 [PackageName] WindowsEditor [ProjectName] Editor" joined multi-casting on [225.0.0.222:54997]...

Player connection [29624] Host "[IP] 192.168.100.71 [Port] 0 [Flags] 2 [Guid] 2397977956 [EditorId] 2397977956 [Version] 1048832 [Id] WindowsEditor(7,DESKTOP-PP7SVQD) [Debug] 1 [PackageName] WindowsEditor [ProjectName] Editor" joined alternative multi-casting on [225.0.0.222:34997]...

[PhysX] Initialized MultithreadedTaskDispatcher with 12 workers.
Refreshing native plugins compatible for Editor in 15.89 ms, found 4 plugins.
Preloading 0 native plugins for Editor in 0.00 ms.
Initialize engine version: 2022.3.36f1 (95a4219250e5)
[Subsystems] Discovering subsystems at path C:/Program Files/Unity/Hub/Editor/2022.3.36f1/Editor/Data/Resources/UnitySubsystems
[Subsystems] Discovering subsystems at path C:/Users/erick/OneDrive/Documentos/GitHub/GroupD_SC602_LN_Project/JungleRuins-Adventure/JungleRuins-Adventure/Assets
GfxDevice: creating device client; threaded=0; jobified=0
Direct3D:
    Version:  Direct3D 11.0 [level 11.1]
    Renderer: NVIDIA GeForce GTX 1660 SUPER (ID=0x21c4)
    Vendor:   NVIDIA
    VRAM:     5966 MB
    Driver:   32.0.15.5612
Initialize mono
Mono path[0] = 'C:/Program Files/Unity/Hub/Editor/2022.3.36f1/Editor/Data/Managed'
Mono path[1] = 'C:/Program Files/Unity/Hub/Editor/2022.3.36f1/Editor/Data/MonoBleedingEdge/lib/mono/unityjit-win32'
Mono config path = 'C:/Program Files/Unity/Hub/Editor/2022.3.36f1/Editor/Data/MonoBleedingEdge/etc'
Using monoOptions --debugger-agent=transport=dt_socket,embedding=1,server=y,suspend=n,address=127.0.0.1:56348
Begin MonoManager ReloadAssembly
Registering precompiled unity dll's ...
Register platform support module: C:/Program Files/Unity/Hub/Editor/2022.3.36f1/Editor/Data/PlaybackEngines/WebGLSupport/UnityEditor.WebGL.Extensions.dll
Register platform support module: C:/Program Files/Unity/Hub/Editor/2022.3.36f1/Editor/Data/PlaybackEngines/WindowsStandaloneSupport/UnityEditor.WindowsStandalone.Extensions.dll
Registered in 0.009101 seconds.
- Loaded All Assemblies, in  0.342 seconds
Native extension for WindowsStandalone target not found
Native extension for WebGL target not found
Mono: successfully reloaded assembly
- Finished resetting the current domain, in  0.252 seconds
Domain Reload Profiling: 592ms
	BeginReloadAssembly (97ms)
		ExecutionOrderSort (0ms)
		DisableScriptedObjects (0ms)
		BackupInstance (0ms)
		ReleaseScriptingObjects (0ms)
		CreateAndSetChildDomain (1ms)
	RebuildCommonClasses (33ms)
	RebuildNativeTypeToScriptingClass (11ms)
	initialDomainReloadingComplete (57ms)
	LoadAllAssembliesAndSetupDomain (141ms)
		LoadAssemblies (95ms)
		RebuildTransferFunctionScriptingTraits (0ms)
		AnalyzeDomain (139ms)
			TypeCache.Refresh (138ms)
				TypeCache.ScanAssembly (127ms)
			ScanForSourceGeneratedMonoScriptInfo (0ms)
			ResolveRequiredComponents (0ms)
	FinalizeReload (252ms)
		ReleaseScriptCaches (0ms)
		RebuildScriptCaches (0ms)
		SetupLoadedEditorAssemblies (193ms)
			LogAssemblyErrors (0ms)
			InitializePlatformSupportModulesInManaged (9ms)
			SetLoadedEditorAssemblies (5ms)
			RefreshPlugins (0ms)
			BeforeProcessingInitializeOnLoad (2ms)
			ProcessInitializeOnLoadAttributes (132ms)
			ProcessInitializeOnLoadMethodAttributes (45ms)
			AfterProcessingInitializeOnLoad (0ms)
			EditorAssembliesLoaded (0ms)
		ExecutionOrderSort2 (0ms)
		AwakeInstancesAfterBackupRestoration (0ms)
========================================================================
Worker process is ready to serve import requests
Begin MonoManager ReloadAssembly
- Loaded All Assemblies, in  0.693 seconds
Refreshing native plugins compatible for Editor in 5.40 ms, found 4 plugins.
Native extension for WindowsStandalone target not found
Native extension for WebGL target not found
Package Manager log level set to [2]
[Package Manager] Server::EnsureServerProcessIsRunning -- launch failed, reason: Unity was launched with the -noUpm command-line argument
[Package Manager] UpmClient::Send -- Unable to send message (not connected to UPM process).
[Package Manager] Cannot connect to Unity Package Manager local server
Mono: successfully reloaded assembly
- Finished resetting the current domain, in  0.616 seconds
Domain Reload Profiling: 1303ms
	BeginReloadAssembly (129ms)
		ExecutionOrderSort (0ms)
		DisableScriptedObjects (5ms)
		BackupInstance (0ms)
		ReleaseScriptingObjects (0ms)
		CreateAndSetChildDomain (18ms)
	RebuildCommonClasses (31ms)
	RebuildNativeTypeToScriptingClass (11ms)
	initialDomainReloadingComplete (40ms)
	LoadAllAssembliesAndSetupDomain (475ms)
		LoadAssemblies (351ms)
		RebuildTransferFunctionScriptingTraits (0ms)
		AnalyzeDomain (198ms)
			TypeCache.Refresh (162ms)
				TypeCache.ScanAssembly (148ms)
			ScanForSourceGeneratedMonoScriptInfo (25ms)
			ResolveRequiredComponents (9ms)
	FinalizeReload (617ms)
		ReleaseScriptCaches (0ms)
		RebuildScriptCaches (0ms)
		SetupLoadedEditorAssemblies (459ms)
			LogAssemblyErrors (0ms)
			InitializePlatformSupportModulesInManaged (7ms)
			SetLoadedEditorAssemblies (5ms)
			RefreshPlugins (0ms)
			BeforeProcessingInitializeOnLoad (79ms)
			ProcessInitializeOnLoadAttributes (290ms)
			ProcessInitializeOnLoadMethodAttributes (71ms)
			AfterProcessingInitializeOnLoad (8ms)
			EditorAssembliesLoaded (0ms)
		ExecutionOrderSort2 (0ms)
		AwakeInstancesAfterBackupRestoration (6ms)
Launched and connected shader compiler UnityShaderCompiler.exe after 0.04 seconds
Refreshing native plugins compatible for Editor in 5.29 ms, found 4 plugins.
Preloading 0 native plugins for Editor in 0.00 ms.
Unloading 5694 Unused Serialized files (Serialized files now loaded: 0)
Unloading 101 unused Assets / (0.9 MB). Loaded Objects now: 6138.
Memory consumption went from 221.9 MB to 221.0 MB.
Total: 4.139900 ms (FindLiveObjects: 0.854900 ms CreateObjectMapping: 0.239400 ms MarkObjects: 2.631700 ms  DeleteObjects: 0.413100 ms)

AssetImportParameters requested are different than current active one (requested -> active):
  custom:container-demuxer-ogg: 62fdf1f143b41e24485cea50d1cbac27 -> 
  custom:video-decoder-ogg-theora: a1e56fd34408186e4bbccfd4996cb3dc -> 
  custom:framework-win-MediaFoundation: 216162199b28c13a410421893ffa2e32 -> 
  custom:CustomObjectIndexerAttribute: 72b91833f83ae208fae7752999fa3104 -> 
  custom:container-demuxer-webm: 4f35f7cbe854078d1ac9338744f61a02 -> 
  custom:container-muxer-webm: aa71ff27fc2769a1b78a27578f13a17b -> 
  custom:video-decoder-webm-vp8: 9c59270c3fd7afecdb556c50c9e8de78 -> 
  custom:SearchIndexIgnoredProperties: e643bd26f0fe6173181afceb89e7c659 -> 
  custom:AudioImporter_EditorPlatform: d09bf68614088b80899f8185d706f6e7 -> 
  custom:video-encoder-webm-vp8: eb34c28f22e8b96e1ab97ce403110664 -> 
  custom:audio-decoder-ogg-vorbis: bf7c407c2cedff20999df2af8eb42d56 -> 
  custom:audio-encoder-webm-vorbis: bf7c407c2cedff20999df2af8eb42d56 -> 
========================================================================
Received Import Request.
  Time since last request: 10605.692772 seconds.
  path: Assets/Sprites/Caminos/Tile_22.png
  artifactKey: Guid(3edacc245bc20c54ebc0508adad94ace) Importer(815301076,1909f56bfc062723c751e8b465ee728b)
Start importing Assets/Sprites/Caminos/Tile_22.png using Guid(3edacc245bc20c54ebc0508adad94ace) Importer(815301076,1909f56bfc062723c751e8b465ee728b) [PhysX] Initialized MultithreadedTaskDispatcher with 12 workers.
[PhysX] Initialized MultithreadedTaskDispatcher with 12 workers.
 -> (artifact id: '4946baf6c2cab58e5c8791663f728b91') in 0.113090 seconds
Number of updated asset objects reloaded before import = 0
Number of asset objects unloaded after import = 3
========================================================================
Received Import Request.
  Time since last request: 0.000025 seconds.
  path: Assets/Sprites/Caminos/Tile_35.png
  artifactKey: Guid(fd7813cf3fd679f48bd7671634756770) Importer(815301076,1909f56bfc062723c751e8b465ee728b)
Start importing Assets/Sprites/Caminos/Tile_35.png using Guid(fd7813cf3fd679f48bd7671634756770) Importer(815301076,1909f56bfc062723c751e8b465ee728b) [PhysX] Initialized MultithreadedTaskDispatcher with 12 workers.
[PhysX] Initialized MultithreadedTaskDispatcher with 12 workers.
 -> (artifact id: '7f272f9c3b36e274986e24460005ec32') in 0.014975 seconds
Number of updated asset objects reloaded before import = 0
Number of asset objects unloaded after import = 3
========================================================================
Received Import Request.
  Time since last request: 0.000028 seconds.
  path: Assets/Sprites/Caminos/Tile_30.png
  artifactKey: Guid(eda720000fa6b7544962ee96fd4a832c) Importer(815301076,1909f56bfc062723c751e8b465ee728b)
Start importing Assets/Sprites/Caminos/Tile_30.png using Guid(eda720000fa6b7544962ee96fd4a832c) Importer(815301076,1909f56bfc062723c751e8b465ee728b) [PhysX] Initialized MultithreadedTaskDispatcher with 12 workers.
[PhysX] Initialized MultithreadedTaskDispatcher with 12 workers.
 -> (artifact id: '908de0133d25e2c8e1b6e9a3278a6dd6') in 0.019884 seconds
Number of updated asset objects reloaded before import = 0
Number of asset objects unloaded after import = 3
========================================================================
Received Import Request.
  Time since last request: 0.000025 seconds.
  path: Assets/Sprites/Caminos/Tile_54.png
  artifactKey: Guid(d1497c343131fe04581e941428d865d2) Importer(815301076,1909f56bfc062723c751e8b465ee728b)
Start importing Assets/Sprites/Caminos/Tile_54.png using Guid(d1497c343131fe04581e941428d865d2) Importer(815301076,1909f56bfc062723c751e8b465ee728b) [PhysX] Initialized MultithreadedTaskDispatcher with 12 workers.
[PhysX] Initialized MultithreadedTaskDispatcher with 12 workers.
 -> (artifact id: 'cb2d4fde234aee6c7ceddaae197c85ae') in 0.015976 seconds
Number of updated asset objects reloaded before import = 0
Number of asset objects unloaded after import = 3
========================================================================
Received Import Request.
  Time since last request: 0.000023 seconds.
  path: Assets/Sprites/Caminos/Tile_52.png
  artifactKey: Guid(1a99263fdb5ad1d4dadc38467d8db5f9) Importer(815301076,1909f56bfc062723c751e8b465ee728b)
Start importing Assets/Sprites/Caminos/Tile_52.png using Guid(1a99263fdb5ad1d4dadc38467d8db5f9) Importer(815301076,1909f56bfc062723c751e8b465ee728b) [PhysX] Initialized MultithreadedTaskDispatcher with 12 workers.
[PhysX] Initialized MultithreadedTaskDispatcher with 12 workers.
 -> (artifact id: '226847ad4fd6022634ee82329f5e12e8') in 0.017204 seconds
Number of updated asset objects reloaded before import = 0
Number of asset objects unloaded after import = 3
========================================================================
Received Import Request.
  Time since last request: 0.000020 seconds.
  path: Assets/Sprites/Caminos/Tile_69.png
  artifactKey: Guid(0e1e5730a2620714280905efc4c3b115) Importer(815301076,1909f56bfc062723c751e8b465ee728b)
Start importing Assets/Sprites/Caminos/Tile_69.png using Guid(0e1e5730a2620714280905efc4c3b115) Importer(815301076,1909f56bfc062723c751e8b465ee728b) [PhysX] Initialized MultithreadedTaskDispatcher with 12 workers.
[PhysX] Initialized MultithreadedTaskDispatcher with 12 workers.
 -> (artifact id: '48d5c30051907817d851d2adbae0a860') in 0.015170 seconds
Number of updated asset objects reloaded before import = 0
Number of asset objects unloaded after import = 3
========================================================================
Received Import Request.
  Time since last request: 0.000017 seconds.
  path: Assets/Sprites/Caminos/Tile_78.png
  artifactKey: Guid(a157cf880dbe75d49be0697f49240458) Importer(815301076,1909f56bfc062723c751e8b465ee728b)
Start importing Assets/Sprites/Caminos/Tile_78.png using Guid(a157cf880dbe75d49be0697f49240458) Importer(815301076,1909f56bfc062723c751e8b465ee728b) [PhysX] Initialized MultithreadedTaskDispatcher with 12 workers.
[PhysX] Initialized MultithreadedTaskDispatcher with 12 workers.
 -> (artifact id: '8692521099dc03f5c0610617ceb5928e') in 0.014898 seconds
Number of updated asset objects reloaded before import = 0
Number of asset objects unloaded after import = 3
========================================================================
Received Import Request.
  Time since last request: 0.000016 seconds.
  path: Assets/Sprites/Caminos/Tile_70.png
  artifactKey: Guid(008af2fdbd5c01f4c9ae46b241cec725) Importer(815301076,1909f56bfc062723c751e8b465ee728b)
Start importing Assets/Sprites/Caminos/Tile_70.png using Guid(008af2fdbd5c01f4c9ae46b241cec725) Importer(815301076,1909f56bfc062723c751e8b465ee728b) [PhysX] Initialized MultithreadedTaskDispatcher with 12 workers.
[PhysX] Initialized MultithreadedTaskDispatcher with 12 workers.
 -> (artifact id: 'ab024c67ade34732c3e364d769e3ea06') in 0.012435 seconds
Number of updated asset objects reloaded before import = 0
Number of asset objects unloaded after import = 3
========================================================================
Received Import Request.
  Time since last request: 0.000014 seconds.
  path: Assets/Sprites/Caminos/Tile_72.png
  artifactKey: Guid(06a89b0e3b06a804094b705bccfa4085) Importer(815301076,1909f56bfc062723c751e8b465ee728b)
Start importing Assets/Sprites/Caminos/Tile_72.png using Guid(06a89b0e3b06a804094b705bccfa4085) Importer(815301076,1909f56bfc062723c751e8b465ee728b) [PhysX] Initialized MultithreadedTaskDispatcher with 12 workers.
[PhysX] Initialized MultithreadedTaskDispatcher with 12 workers.
 -> (artifact id: '545c9319158bae0a340ac82b9e544f2f') in 0.012138 seconds
Number of updated asset objects reloaded before import = 0
Number of asset objects unloaded after import = 3
========================================================================
Received Import Request.
  Time since last request: 0.000016 seconds.
  path: Assets/Sprites/Caminos/Tile_40.png
  artifactKey: Guid(cb769833c52509c4a9545065881682bc) Importer(815301076,1909f56bfc062723c751e8b465ee728b)
Start importing Assets/Sprites/Caminos/Tile_40.png using Guid(cb769833c52509c4a9545065881682bc) Importer(815301076,1909f56bfc062723c751e8b465ee728b) [PhysX] Initialized MultithreadedTaskDispatcher with 12 workers.
[PhysX] Initialized MultithreadedTaskDispatcher with 12 workers.
 -> (artifact id: 'dac98dce7584dcd255916a4347634b86') in 0.013508 seconds
Number of updated asset objects reloaded before import = 0
Number of asset objects unloaded after import = 3
========================================================================
Received Import Request.
  Time since last request: 0.000017 seconds.
  path: Assets/Sprites/Caminos/Tile_81.png
  artifactKey: Guid(43b80965fbf7b6748b516070e3f1e7cd) Importer(815301076,1909f56bfc062723c751e8b465ee728b)
Start importing Assets/Sprites/Caminos/Tile_81.png using Guid(43b80965fbf7b6748b516070e3f1e7cd) Importer(815301076,1909f56bfc062723c751e8b465ee728b) [PhysX] Initialized MultithreadedTaskDispatcher with 12 workers.
[PhysX] Initialized MultithreadedTaskDispatcher with 12 workers.
 -> (artifact id: '02d5415fc1690a1ac5bc0961bdd7498a') in 0.013080 seconds
Number of updated asset objects reloaded before import = 0
Number of asset objects unloaded after import = 3
========================================================================
Received Import Request.
  Time since last request: 0.000021 seconds.
  path: Assets/Sprites/Caminos/Tile_46.png
  artifactKey: Guid(a11862404bfc04f46b908445765aa5d1) Importer(815301076,1909f56bfc062723c751e8b465ee728b)
Start importing Assets/Sprites/Caminos/Tile_46.png using Guid(a11862404bfc04f46b908445765aa5d1) Importer(815301076,1909f56bfc062723c751e8b465ee728b) [PhysX] Initialized MultithreadedTaskDispatcher with 12 workers.
[PhysX] Initialized MultithreadedTaskDispatcher with 12 workers.
 -> (artifact id: '593e1d2373f6954f9c8b79a033bd56da') in 0.014299 seconds
Number of updated asset objects reloaded before import = 0
Number of asset objects unloaded after import = 3
========================================================================
Received Import Request.
  Time since last request: 0.000033 seconds.
  path: Assets/Sprites/Caminos/Tile_82.png
  artifactKey: Guid(d527ccf1b900bc14fbd28ff7e5e6f055) Importer(815301076,1909f56bfc062723c751e8b465ee728b)
Start importing Assets/Sprites/Caminos/Tile_82.png using Guid(d527ccf1b900bc14fbd28ff7e5e6f055) Importer(815301076,1909f56bfc062723c751e8b465ee728b) [PhysX] Initialized MultithreadedTaskDispatcher with 12 workers.
[PhysX] Initialized MultithreadedTaskDispatcher with 12 workers.
 -> (artifact id: 'f7cc5d167039170dbee8533d4b714544') in 0.013385 seconds
Number of updated asset objects reloaded before import = 0
Number of asset objects unloaded after import = 3
========================================================================
Received Import Request.
  Time since last request: 0.000023 seconds.
  path: Assets/Sprites/Caminos/Tile_84.png
  artifactKey: Guid(0d5fc1259aae85a49bb3a6d53aaf91e5) Importer(815301076,1909f56bfc062723c751e8b465ee728b)
Start importing Assets/Sprites/Caminos/Tile_84.png using Guid(0d5fc1259aae85a49bb3a6d53aaf91e5) Importer(815301076,1909f56bfc062723c751e8b465ee728b) [PhysX] Initialized MultithreadedTaskDispatcher with 12 workers.
[PhysX] Initialized MultithreadedTaskDispatcher with 12 workers.
 -> (artifact id: '26da2e92754e4d0babdfc1065153ba05') in 0.012920 seconds
Number of updated asset objects reloaded before import = 0
Number of asset objects unloaded after import = 3
========================================================================
Received Import Request.
  Time since last request: 0.000021 seconds.
  path: Assets/Sprites/Caminos/Tile_67.png
  artifactKey: Guid(617a78a70d0f22146bffaca7293fb4ce) Importer(815301076,1909f56bfc062723c751e8b465ee728b)
Start importing Assets/Sprites/Caminos/Tile_67.png using Guid(617a78a70d0f22146bffaca7293fb4ce) Importer(815301076,1909f56bfc062723c751e8b465ee728b) [PhysX] Initialized MultithreadedTaskDispatcher with 12 workers.
[PhysX] Initialized MultithreadedTaskDispatcher with 12 workers.
 -> (artifact id: 'c6c7e59001dbc7dd95cada9a6ba67e36') in 0.013523 seconds
Number of updated asset objects reloaded before import = 0
Number of asset objects unloaded after import = 3
========================================================================
Received Import Request.
  Time since last request: 0.000017 seconds.
  path: Assets/Sprites/Caminos/Tile_91.png
  artifactKey: Guid(33231bbd6dd1cf84889fe20ebe35e90c) Importer(815301076,1909f56bfc062723c751e8b465ee728b)
Start importing Assets/Sprites/Caminos/Tile_91.png using Guid(33231bbd6dd1cf84889fe20ebe35e90c) Importer(815301076,1909f56bfc062723c751e8b465ee728b) [PhysX] Initialized MultithreadedTaskDispatcher with 12 workers.
[PhysX] Initialized MultithreadedTaskDispatcher with 12 workers.
 -> (artifact id: '631d9a59e7212900eefcb87246ed2255') in 0.013226 seconds
Number of updated asset objects reloaded before import = 0
Number of asset objects unloaded after import = 3
========================================================================
Received Import Request.
  Time since last request: 0.000017 seconds.
  path: Assets/Sprites/Caminos/Tile_61.png
  artifactKey: Guid(7d89ca03e68e35143a27a74731abfd86) Importer(815301076,1909f56bfc062723c751e8b465ee728b)
Start importing Assets/Sprites/Caminos/Tile_61.png using Guid(7d89ca03e68e35143a27a74731abfd86) Importer(815301076,1909f56bfc062723c751e8b465ee728b) [PhysX] Initialized MultithreadedTaskDispatcher with 12 workers.
[PhysX] Initialized MultithreadedTaskDispatcher with 12 workers.
 -> (artifact id: 'a846f1f9b5144fdb50e096ff446c0c35') in 0.013509 seconds
Number of updated asset objects reloaded before import = 0
Number of asset objects unloaded after import = 3
========================================================================
Received Import Request.
  Time since last request: 0.000016 seconds.
  path: Assets/Sprites/Caminos/Tile_45.png
  artifactKey: Guid(ca4affa3f3da1e641913fac1264c3f76) Importer(815301076,1909f56bfc062723c751e8b465ee728b)
Start importing Assets/Sprites/Caminos/Tile_45.png using Guid(ca4affa3f3da1e641913fac1264c3f76) Importer(815301076,1909f56bfc062723c751e8b465ee728b) [PhysX] Initialized MultithreadedTaskDispatcher with 12 workers.
[PhysX] Initialized MultithreadedTaskDispatcher with 12 workers.
 -> (artifact id: '60cfb5fa6599943d8b42cf0ece9211ad') in 0.014096 seconds
Number of updated asset objects reloaded before import = 0
Number of asset objects unloaded after import = 3
========================================================================
Received Import Request.
  Time since last request: 0.000020 seconds.
  path: Assets/Sprites/Caminos/Tile_93.png
  artifactKey: Guid(9dd4f93e0a97fd8409b3782b24c196c4) Importer(815301076,1909f56bfc062723c751e8b465ee728b)
Start importing Assets/Sprites/Caminos/Tile_93.png using Guid(9dd4f93e0a97fd8409b3782b24c196c4) Importer(815301076,1909f56bfc062723c751e8b465ee728b) [PhysX] Initialized MultithreadedTaskDispatcher with 12 workers.
[PhysX] Initialized MultithreadedTaskDispatcher with 12 workers.
 -> (artifact id: '91a40012df2ddb23f5a8b6c0fb25691e') in 0.014800 seconds
Number of updated asset objects reloaded before import = 0
Number of asset objects unloaded after import = 3
========================================================================
Received Import Request.
  Time since last request: 0.000020 seconds.
  path: Assets/Sprites/Caminos/Tile_75.png
  artifactKey: Guid(fc721de0460fc784c8fb9647f9422e77) Importer(815301076,1909f56bfc062723c751e8b465ee728b)
Start importing Assets/Sprites/Caminos/Tile_75.png using Guid(fc721de0460fc784c8fb9647f9422e77) Importer(815301076,1909f56bfc062723c751e8b465ee728b) [PhysX] Initialized MultithreadedTaskDispatcher with 12 workers.
[PhysX] Initialized MultithreadedTaskDispatcher with 12 workers.
 -> (artifact id: 'a6ca7eaf978bbe5ff0a401ffafd118c7') in 0.014739 seconds
Number of updated asset objects reloaded before import = 0
Number of asset objects unloaded after import = 3
========================================================================
Received Import Request.
  Time since last request: 0.000022 seconds.
  path: Assets/Sprites/Caminos/Tile_48.png
  artifactKey: Guid(e714acf6c78068f4eb8daa0ed6ff42c3) Importer(815301076,1909f56bfc062723c751e8b465ee728b)
Start importing Assets/Sprites/Caminos/Tile_48.png using Guid(e714acf6c78068f4eb8daa0ed6ff42c3) Importer(815301076,1909f56bfc062723c751e8b465ee728b) [PhysX] Initialized MultithreadedTaskDispatcher with 12 workers.
[PhysX] Initialized MultithreadedTaskDispatcher with 12 workers.
 -> (artifact id: '258325c47a700d18e2c94debba7896fd') in 0.016706 seconds
Number of updated asset objects reloaded before import = 0
Number of asset objects unloaded after import = 3
========================================================================
Received Import Request.
  Time since last request: 0.000024 seconds.
  path: Assets/Sprites/Caminos/Tile_36.png
  artifactKey: Guid(e619a9ab7200d28458bf6d9cc3a9f843) Importer(815301076,1909f56bfc062723c751e8b465ee728b)
Start importing Assets/Sprites/Caminos/Tile_36.png using Guid(e619a9ab7200d28458bf6d9cc3a9f843) Importer(815301076,1909f56bfc062723c751e8b465ee728b) [PhysX] Initialized MultithreadedTaskDispatcher with 12 workers.
[PhysX] Initialized MultithreadedTaskDispatcher with 12 workers.
 -> (artifact id: 'ab4b00ce8a34ba97eb5ea5bc04126c2c') in 0.013342 seconds
Number of updated asset objects reloaded before import = 0
Number of asset objects unloaded after import = 3
========================================================================
Received Import Request.
  Time since last request: 0.000025 seconds.
  path: Assets/Sprites/Caminos/Tile_34.png
  artifactKey: Guid(9be912fbe591e6e438beb9deffd0959b) Importer(815301076,1909f56bfc062723c751e8b465ee728b)
Start importing Assets/Sprites/Caminos/Tile_34.png using Guid(9be912fbe591e6e438beb9deffd0959b) Importer(815301076,1909f56bfc062723c751e8b465ee728b) [PhysX] Initialized MultithreadedTaskDispatcher with 12 workers.
[PhysX] Initialized MultithreadedTaskDispatcher with 12 workers.
 -> (artifact id: '3a6c9d17633d98050cb1582d5c5844b4') in 0.014548 seconds
Number of updated asset objects reloaded before import = 0
Number of asset objects unloaded after import = 3
========================================================================
Received Import Request.
  Time since last request: 186.945459 seconds.
  path: Assets/Sprites/Caminos/platformer/Tile_16.asset
  artifactKey: Guid(2fd9d7d55ead14349a976db4805eee1c) Importer(815301076,1909f56bfc062723c751e8b465ee728b)
Start importing Assets/Sprites/Caminos/platformer/Tile_16.asset using Guid(2fd9d7d55ead14349a976db4805eee1c) Importer(815301076,1909f56bfc062723c751e8b465ee728b) [PhysX] Initialized MultithreadedTaskDispatcher with 12 workers.
 -> (artifact id: '887b71f69a2e0b68f9154eb4973ff6fa') in 0.020931 seconds
Number of updated asset objects reloaded before import = 0
Number of asset objects unloaded after import = 3
========================================================================
Received Import Request.
  Time since last request: 0.000025 seconds.
  path: Assets/Sprites/Caminos/platformer/Tile_19.asset
  artifactKey: Guid(b5fb152bc21fb794a9dcce4db6978218) Importer(815301076,1909f56bfc062723c751e8b465ee728b)
Start importing Assets/Sprites/Caminos/platformer/Tile_19.asset using Guid(b5fb152bc21fb794a9dcce4db6978218) Importer(815301076,1909f56bfc062723c751e8b465ee728b) [PhysX] Initialized MultithreadedTaskDispatcher with 12 workers.
 -> (artifact id: 'e0fc42e92988321de873be9f7fd19438') in 0.011887 seconds
Number of updated asset objects reloaded before import = 0
Number of asset objects unloaded after import = 3
========================================================================
Received Import Request.
  Time since last request: 45.116911 seconds.
  path: Assets/Sprites/Caminos/platformer/Tile_23.asset
  artifactKey: Guid(dd0713dcb75bbfb4d92176b4cab266dd) Importer(815301076,1909f56bfc062723c751e8b465ee728b)
Start importing Assets/Sprites/Caminos/platformer/Tile_23.asset using Guid(dd0713dcb75bbfb4d92176b4cab266dd) Importer(815301076,1909f56bfc062723c751e8b465ee728b) [PhysX] Initialized MultithreadedTaskDispatcher with 12 workers.
 -> (artifact id: 'd8a8d856f9ddfd62468abe1dc075c9d0') in 0.016688 seconds
Number of updated asset objects reloaded before import = 0
Number of asset objects unloaded after import = 3
========================================================================
Received Import Request.
  Time since last request: 0.333242 seconds.
  path: Assets/Sprites/Caminos/platformer/Tile_27.asset
  artifactKey: Guid(42fcc098aa1bcd14699b9cb88adac961) Importer(815301076,1909f56bfc062723c751e8b465ee728b)
Start importing Assets/Sprites/Caminos/platformer/Tile_27.asset using Guid(42fcc098aa1bcd14699b9cb88adac961) Importer(815301076,1909f56bfc062723c751e8b465ee728b) [PhysX] Initialized MultithreadedTaskDispatcher with 12 workers.
 -> (artifact id: 'b056f89fcbf8f8280347df18f26e00a7') in 0.016592 seconds
Number of updated asset objects reloaded before import = 0
Number of asset objects unloaded after import = 3
========================================================================
Received Import Request.
  Time since last request: 0.000019 seconds.
  path: Assets/Sprites/Caminos/platformer/Tile_28.asset
  artifactKey: Guid(ffc7cbb0565c4fb4ba994efb04062e82) Importer(815301076,1909f56bfc062723c751e8b465ee728b)
Start importing Assets/Sprites/Caminos/platformer/Tile_28.asset using Guid(ffc7cbb0565c4fb4ba994efb04062e82) Importer(815301076,1909f56bfc062723c751e8b465ee728b) [PhysX] Initialized MultithreadedTaskDispatcher with 12 workers.
 -> (artifact id: '744c731d3a35ddd8622aed8aa979b9a6') in 0.012641 seconds
Number of updated asset objects reloaded before import = 0
Number of asset objects unloaded after import = 3
========================================================================
Received Import Request.
  Time since last request: 0.000016 seconds.
  path: Assets/Sprites/Caminos/platformer/Tile_30.asset
  artifactKey: Guid(c2abcbb8a1761614fa19948f3b4d0523) Importer(815301076,1909f56bfc062723c751e8b465ee728b)
Start importing Assets/Sprites/Caminos/platformer/Tile_30.asset using Guid(c2abcbb8a1761614fa19948f3b4d0523) Importer(815301076,1909f56bfc062723c751e8b465ee728b) [PhysX] Initialized MultithreadedTaskDispatcher with 12 workers.
 -> (artifact id: '570cdd27af792b3971d1070be16a46e6') in 0.011872 seconds
Number of updated asset objects reloaded before import = 0
Number of asset objects unloaded after import = 3
========================================================================
Received Import Request.
  Time since last request: 0.014379 seconds.
  path: Assets/Sprites/Caminos/platformer/Tile_35.asset
  artifactKey: Guid(089f883af90abf441aec81f1a7d55780) Importer(815301076,1909f56bfc062723c751e8b465ee728b)
Start importing Assets/Sprites/Caminos/platformer/Tile_35.asset using Guid(089f883af90abf441aec81f1a7d55780) Importer(815301076,1909f56bfc062723c751e8b465ee728b) [PhysX] Initialized MultithreadedTaskDispatcher with 12 workers.
 -> (artifact id: '99249864eb96cf0d10f7596dc62b2645') in 0.014628 seconds
Number of updated asset objects reloaded before import = 0
Number of asset objects unloaded after import = 3
========================================================================
Received Import Request.
  Time since last request: 0.268402 seconds.
  path: Assets/Sprites/Caminos/platformer/Tile_39.asset
  artifactKey: Guid(4c2961053ca316644ac68f65b7d84cc9) Importer(815301076,1909f56bfc062723c751e8b465ee728b)
Start importing Assets/Sprites/Caminos/platformer/Tile_39.asset using Guid(4c2961053ca316644ac68f65b7d84cc9) Importer(815301076,1909f56bfc062723c751e8b465ee728b) [PhysX] Initialized MultithreadedTaskDispatcher with 12 workers.
 -> (artifact id: '93cf19acc0de84b7f1a1d892704d4b95') in 0.011019 seconds
Number of updated asset objects reloaded before import = 0
Number of asset objects unloaded after import = 3
========================================================================
Received Import Request.
  Time since last request: 0.006980 seconds.
  path: Assets/Sprites/Caminos/platformer/Tile_42.asset
  artifactKey: Guid(66a30d1c71b08c542a98db2e6a0acca0) Importer(815301076,1909f56bfc062723c751e8b465ee728b)
Start importing Assets/Sprites/Caminos/platformer/Tile_42.asset using Guid(66a30d1c71b08c542a98db2e6a0acca0) Importer(815301076,1909f56bfc062723c751e8b465ee728b) [PhysX] Initialized MultithreadedTaskDispatcher with 12 workers.
 -> (artifact id: '60e542a01217c9724255ca8c05640f21') in 0.012391 seconds
Number of updated asset objects reloaded before import = 0
Number of asset objects unloaded after import = 3
========================================================================
Received Import Request.
  Time since last request: 0.002876 seconds.
  path: Assets/Sprites/Caminos/platformer/Tile_45.asset
  artifactKey: Guid(4775ea1624533c3428e7ab81446e5c84) Importer(815301076,1909f56bfc062723c751e8b465ee728b)
Start importing Assets/Sprites/Caminos/platformer/Tile_45.asset using Guid(4775ea1624533c3428e7ab81446e5c84) Importer(815301076,1909f56bfc062723c751e8b465ee728b) [PhysX] Initialized MultithreadedTaskDispatcher with 12 workers.
 -> (artifact id: '6886e499bd3c2ec9f0016ece07dc66f0') in 0.012178 seconds
Number of updated asset objects reloaded before import = 0
Number of asset objects unloaded after import = 3
========================================================================
Received Import Request.
  Time since last request: 0.000015 seconds.
  path: Assets/Sprites/Caminos/platformer/Tile_46.asset
  artifactKey: Guid(71b9b1ae021788948b96b750df02575a) Importer(815301076,1909f56bfc062723c751e8b465ee728b)
Start importing Assets/Sprites/Caminos/platformer/Tile_46.asset using Guid(71b9b1ae021788948b96b750df02575a) Importer(815301076,1909f56bfc062723c751e8b465ee728b) [PhysX] Initialized MultithreadedTaskDispatcher with 12 workers.
 -> (artifact id: 'c199e0ef57ff8b043b24b9463e10799e') in 0.012654 seconds
Number of updated asset objects reloaded before import = 0
Number of asset objects unloaded after import = 3
========================================================================
Received Import Request.
  Time since last request: 0.282023 seconds.
  path: Assets/Sprites/Caminos/platformer/Tile_51.asset
  artifactKey: Guid(41d1e5453b5feaf4fa0b8838e6b500b3) Importer(815301076,1909f56bfc062723c751e8b465ee728b)
Start importing Assets/Sprites/Caminos/platformer/Tile_51.asset using Guid(41d1e5453b5feaf4fa0b8838e6b500b3) Importer(815301076,1909f56bfc062723c751e8b465ee728b) [PhysX] Initialized MultithreadedTaskDispatcher with 12 workers.
 -> (artifact id: 'ae6bfe70ba59746bc71b245a1d721a3c') in 0.019586 seconds
Number of updated asset objects reloaded before import = 0
Number of asset objects unloaded after import = 3
========================================================================
Received Import Request.
  Time since last request: 0.000016 seconds.
  path: Assets/Sprites/Caminos/platformer/Tile_54.asset
  artifactKey: Guid(c03b32b546111ac4aa77e3d849b90257) Importer(815301076,1909f56bfc062723c751e8b465ee728b)
Start importing Assets/Sprites/Caminos/platformer/Tile_54.asset using Guid(c03b32b546111ac4aa77e3d849b90257) Importer(815301076,1909f56bfc062723c751e8b465ee728b) [PhysX] Initialized MultithreadedTaskDispatcher with 12 workers.
 -> (artifact id: '1ffc90a841a335be52743101c1112eb0') in 0.012673 seconds
Number of updated asset objects reloaded before import = 0
Number of asset objects unloaded after import = 3
========================================================================
Received Import Request.
  Time since last request: 0.010169 seconds.
  path: Assets/Sprites/Caminos/platformer/Tile_57.asset
  artifactKey: Guid(3cdacab5592e0ec4ea318de8149f9785) Importer(815301076,1909f56bfc062723c751e8b465ee728b)
Start importing Assets/Sprites/Caminos/platformer/Tile_57.asset using Guid(3cdacab5592e0ec4ea318de8149f9785) Importer(815301076,1909f56bfc062723c751e8b465ee728b) [PhysX] Initialized MultithreadedTaskDispatcher with 12 workers.
 -> (artifact id: '924d10238470ef0285a6e06b1557f518') in 0.010831 seconds
Number of updated asset objects reloaded before import = 0
Number of asset objects unloaded after import = 3
========================================================================
Received Import Request.
  Time since last request: 0.000018 seconds.
  path: Assets/Sprites/Caminos/platformer/Tile_58.asset
  artifactKey: Guid(78d5e25f5d678ff4fb6782427f8ece2e) Importer(815301076,1909f56bfc062723c751e8b465ee728b)
Start importing Assets/Sprites/Caminos/platformer/Tile_58.asset using Guid(78d5e25f5d678ff4fb6782427f8ece2e) Importer(815301076,1909f56bfc062723c751e8b465ee728b) [PhysX] Initialized MultithreadedTaskDispatcher with 12 workers.
 -> (artifact id: '5b82002cc958cf475e27edd2d1b9d962') in 0.010225 seconds
Number of updated asset objects reloaded before import = 0
Number of asset objects unloaded after import = 3
========================================================================
Received Import Request.
  Time since last request: 0.000017 seconds.
  path: Assets/Sprites/Caminos/platformer/Tile_64.asset
  artifactKey: Guid(0dbb9eecdb77d2a40924f752c5748024) Importer(815301076,1909f56bfc062723c751e8b465ee728b)
Start importing Assets/Sprites/Caminos/platformer/Tile_64.asset using Guid(0dbb9eecdb77d2a40924f752c5748024) Importer(815301076,1909f56bfc062723c751e8b465ee728b) [PhysX] Initialized MultithreadedTaskDispatcher with 12 workers.
 -> (artifact id: 'd0b2e3948ef528f0680a089cd7144314') in 0.005494 seconds
Number of updated asset objects reloaded before import = 0
Number of asset objects unloaded after import = 3
========================================================================
Received Import Request.
  Time since last request: 0.000024 seconds.
  path: Assets/Sprites/Caminos/platformer/Tile_63.asset
  artifactKey: Guid(070404b94eeb8f44eb90fe8600c70c29) Importer(815301076,1909f56bfc062723c751e8b465ee728b)
Start importing Assets/Sprites/Caminos/platformer/Tile_63.asset using Guid(070404b94eeb8f44eb90fe8600c70c29) Importer(815301076,1909f56bfc062723c751e8b465ee728b) [PhysX] Initialized MultithreadedTaskDispatcher with 12 workers.
 -> (artifact id: '18f717209d0c85183d5f4536b2372f89') in 0.004693 seconds
Number of updated asset objects reloaded before import = 0
Number of asset objects unloaded after import = 3
========================================================================
Received Import Request.
  Time since last request: 0.460504 seconds.
  path: Assets/Sprites/Caminos/platformer/Tile_67.asset
  artifactKey: Guid(4f614cfad7093d143ae59facbcbf4b4b) Importer(815301076,1909f56bfc062723c751e8b465ee728b)
Start importing Assets/Sprites/Caminos/platformer/Tile_67.asset using Guid(4f614cfad7093d143ae59facbcbf4b4b) Importer(815301076,1909f56bfc062723c751e8b465ee728b) [PhysX] Initialized MultithreadedTaskDispatcher with 12 workers.
 -> (artifact id: 'f7fd1f91d60a1a79da962b3d752985e0') in 0.010254 seconds
Number of updated asset objects reloaded before import = 0
Number of asset objects unloaded after import = 3
========================================================================
Received Import Request.
  Time since last request: 0.027007 seconds.
  path: Assets/Sprites/Caminos/platformer/Tile_71.asset
  artifactKey: Guid(3014d1736cdb6bd4a85836c75e2197ce) Importer(815301076,1909f56bfc062723c751e8b465ee728b)
Start importing Assets/Sprites/Caminos/platformer/Tile_71.asset using Guid(3014d1736cdb6bd4a85836c75e2197ce) Importer(815301076,1909f56bfc062723c751e8b465ee728b) [PhysX] Initialized MultithreadedTaskDispatcher with 12 workers.
 -> (artifact id: '25f7628b6fe08d5f2462efbc38f84a86') in 0.010672 seconds
Number of updated asset objects reloaded before import = 0
Number of asset objects unloaded after import = 3
========================================================================
Received Import Request.
  Time since last request: 0.000022 seconds.
  path: Assets/Sprites/Caminos/platformer/Tile_73.asset
  artifactKey: Guid(ddd4fd0f0e4435c44a31a1e9f97471db) Importer(815301076,1909f56bfc062723c751e8b465ee728b)
Start importing Assets/Sprites/Caminos/platformer/Tile_73.asset using Guid(ddd4fd0f0e4435c44a31a1e9f97471db) Importer(815301076,1909f56bfc062723c751e8b465ee728b) [PhysX] Initialized MultithreadedTaskDispatcher with 12 workers.
 -> (artifact id: '5124c102da3ebe36d8bf138ed2c0f6bd') in 0.011374 seconds
Number of updated asset objects reloaded before import = 0
Number of asset objects unloaded after import = 3
========================================================================
Received Import Request.
  Time since last request: 0.000018 seconds.
  path: Assets/Sprites/Caminos/platformer/Tile_77.asset
  artifactKey: Guid(be8a499f6ca895f419aa22899c0d33fa) Importer(815301076,1909f56bfc062723c751e8b465ee728b)
Start importing Assets/Sprites/Caminos/platformer/Tile_77.asset using Guid(be8a499f6ca895f419aa22899c0d33fa) Importer(815301076,1909f56bfc062723c751e8b465ee728b) [PhysX] Initialized MultithreadedTaskDispatcher with 12 workers.
 -> (artifact id: '6b2d5886db80fea16ecd22d5de7264d1') in 0.010024 seconds
Number of updated asset objects reloaded before import = 0
Number of asset objects unloaded after import = 3
========================================================================
Received Import Request.
  Time since last request: 0.000018 seconds.
  path: Assets/Sprites/Caminos/platformer/Tile_72.asset
  artifactKey: Guid(051d3ac5054d85d47be11d28b6ee555c) Importer(815301076,1909f56bfc062723c751e8b465ee728b)
Start importing Assets/Sprites/Caminos/platformer/Tile_72.asset using Guid(051d3ac5054d85d47be11d28b6ee555c) Importer(815301076,1909f56bfc062723c751e8b465ee728b) [PhysX] Initialized MultithreadedTaskDispatcher with 12 workers.
 -> (artifact id: '9ce4bc3ffbcd1d6b7438c31e21288f1f') in 0.011717 seconds
Number of updated asset objects reloaded before import = 0
Number of asset objects unloaded after import = 3
========================================================================
Received Import Request.
  Time since last request: 0.383433 seconds.
  path: Assets/Sprites/Caminos/platformer/Tile_83.asset
  artifactKey: Guid(8db954cb21d9db44ab6fa6918680bace) Importer(815301076,1909f56bfc062723c751e8b465ee728b)
Start importing Assets/Sprites/Caminos/platformer/Tile_83.asset using Guid(8db954cb21d9db44ab6fa6918680bace) Importer(815301076,1909f56bfc062723c751e8b465ee728b) [PhysX] Initialized MultithreadedTaskDispatcher with 12 workers.
 -> (artifact id: 'a45059a7f6b3bf7eeb413f8cc568b38a') in 0.019446 seconds
Number of updated asset objects reloaded before import = 0
Number of asset objects unloaded after import = 3
========================================================================
Received Import Request.
  Time since last request: 0.019908 seconds.
  path: Assets/Sprites/Caminos/platformer/Tile_87.asset
  artifactKey: Guid(1193f397b75780448b4e24fe49c6a701) Importer(815301076,1909f56bfc062723c751e8b465ee728b)
Start importing Assets/Sprites/Caminos/platformer/Tile_87.asset using Guid(1193f397b75780448b4e24fe49c6a701) Importer(815301076,1909f56bfc062723c751e8b465ee728b) [PhysX] Initialized MultithreadedTaskDispatcher with 12 workers.
 -> (artifact id: '6c9e810f2557f91fe718f3acd8428878') in 0.009697 seconds
Number of updated asset objects reloaded before import = 0
Number of asset objects unloaded after import = 3
========================================================================
Received Import Request.
  Time since last request: 0.000023 seconds.
  path: Assets/Sprites/Caminos/platformer/Tile_90.asset
  artifactKey: Guid(f5c4c98439fa08b408049fad8d0d28a7) Importer(815301076,1909f56bfc062723c751e8b465ee728b)
Start importing Assets/Sprites/Caminos/platformer/Tile_90.asset using Guid(f5c4c98439fa08b408049fad8d0d28a7) Importer(815301076,1909f56bfc062723c751e8b465ee728b) [PhysX] Initialized MultithreadedTaskDispatcher with 12 workers.
 -> (artifact id: 'c51687f10a3c11db311da33bd4b759c7') in 0.010667 seconds
Number of updated asset objects reloaded before import = 0
Number of asset objects unloaded after import = 3
========================================================================
Received Import Request.
  Time since last request: 0.000018 seconds.
  path: Assets/Sprites/Caminos/platformer/Tile_92.asset
  artifactKey: Guid(a1a3bd63fbb26614f90dab2b32fc2097) Importer(815301076,1909f56bfc062723c751e8b465ee728b)
Start importing Assets/Sprites/Caminos/platformer/Tile_92.asset using Guid(a1a3bd63fbb26614f90dab2b32fc2097) Importer(815301076,1909f56bfc062723c751e8b465ee728b) [PhysX] Initialized MultithreadedTaskDispatcher with 12 workers.
 -> (artifact id: 'dced26298221526aa45405a8a3f404c5') in 0.010172 seconds
Number of updated asset objects reloaded before import = 0
Number of asset objects unloaded after import = 3
========================================================================
Received Import Request.
  Time since last request: 0.000030 seconds.
  path: Assets/Sprites/Caminos/platformer/Tile_96.asset
  artifactKey: Guid(df6b3c20628b06a4db4be4cdcbbdcd8f) Importer(815301076,1909f56bfc062723c751e8b465ee728b)
Start importing Assets/Sprites/Caminos/platformer/Tile_96.asset using Guid(df6b3c20628b06a4db4be4cdcbbdcd8f) Importer(815301076,1909f56bfc062723c751e8b465ee728b) [PhysX] Initialized MultithreadedTaskDispatcher with 12 workers.
 -> (artifact id: '712f5650c0689b1f722f054df306562a') in 0.010563 seconds
Number of updated asset objects reloaded before import = 0
Number of asset objects unloaded after import = 3
========================================================================
Received Import Request.
  Time since last request: 44.235636 seconds.
  path: Assets/Tile Palettes/Tile_85.asset
  artifactKey: Guid(c4f852de5cbca404b91333c85e6f8bc8) Importer(815301076,1909f56bfc062723c751e8b465ee728b)
Start importing Assets/Tile Palettes/Tile_85.asset using Guid(c4f852de5cbca404b91333c85e6f8bc8) Importer(815301076,1909f56bfc062723c751e8b465ee728b) [PhysX] Initialized MultithreadedTaskDispatcher with 12 workers.
 -> (artifact id: 'b0db07522723d08c555ee6a75d3aab0b') in 0.006373 seconds
Number of updated asset objects reloaded before import = 0
Number of asset objects unloaded after import = 3
========================================================================
Received Import Request.
  Time since last request: 0.000018 seconds.
  path: Assets/Tile Palettes/Tile_91.asset
  artifactKey: Guid(1172552c6cd72ae40a3a715352c83514) Importer(815301076,1909f56bfc062723c751e8b465ee728b)
Start importing Assets/Tile Palettes/Tile_91.asset using Guid(1172552c6cd72ae40a3a715352c83514) Importer(815301076,1909f56bfc062723c751e8b465ee728b) [PhysX] Initialized MultithreadedTaskDispatcher with 12 workers.
 -> (artifact id: 'a1067dec0283c315017b51327b02d46e') in 0.006423 seconds
Number of updated asset objects reloaded before import = 0
Number of asset objects unloaded after import = 3
========================================================================
Received Import Request.
  Time since last request: 0.000018 seconds.
  path: Assets/Tile Palettes/Tile_90.asset
  artifactKey: Guid(b4a32ab5dd9a7f64abfba38e3f2fd024) Importer(815301076,1909f56bfc062723c751e8b465ee728b)
Start importing Assets/Tile Palettes/Tile_90.asset using Guid(b4a32ab5dd9a7f64abfba38e3f2fd024) Importer(815301076,1909f56bfc062723c751e8b465ee728b) [PhysX] Initialized MultithreadedTaskDispatcher with 12 workers.
 -> (artifact id: 'e67fec1c0f3c9d5e47ed6ddb18391de6') in 0.007638 seconds
Number of updated asset objects reloaded before import = 0
Number of asset objects unloaded after import = 3
========================================================================
Received Import Request.
  Time since last request: 0.000013 seconds.
  path: Assets/Tile Palettes/Tile_87.asset
  artifactKey: Guid(bec13449aea2b15489b6c32f3170ec36) Importer(815301076,1909f56bfc062723c751e8b465ee728b)
Start importing Assets/Tile Palettes/Tile_87.asset using Guid(bec13449aea2b15489b6c32f3170ec36) Importer(815301076,1909f56bfc062723c751e8b465ee728b) [PhysX] Initialized MultithreadedTaskDispatcher with 12 workers.
 -> (artifact id: 'bd6dc61eedf7ceb9ebf28c5a0303c92d') in 0.005133 seconds
Number of updated asset objects reloaded before import = 0
Number of asset objects unloaded after import = 3
========================================================================
Received Import Request.
  Time since last request: 0.000020 seconds.
  path: Assets/Tile Palettes/Tile_92.asset
  artifactKey: Guid(a3fe86b75c0ecc84dbcf0d7b675e9405) Importer(815301076,1909f56bfc062723c751e8b465ee728b)
Start importing Assets/Tile Palettes/Tile_92.asset using Guid(a3fe86b75c0ecc84dbcf0d7b675e9405) Importer(815301076,1909f56bfc062723c751e8b465ee728b) [PhysX] Initialized MultithreadedTaskDispatcher with 12 workers.
 -> (artifact id: '2541b12f6450241869cb415371b89b34') in 0.017212 seconds
Number of updated asset objects reloaded before import = 0
Number of asset objects unloaded after import = 3
========================================================================
Received Import Request.
  Time since last request: 0.816963 seconds.
  path: Assets/Tile Palettes/Tile_81.asset
  artifactKey: Guid(4ce1869ac25fc6b448ce460376edc5ae) Importer(815301076,1909f56bfc062723c751e8b465ee728b)
Start importing Assets/Tile Palettes/Tile_81.asset using Guid(4ce1869ac25fc6b448ce460376edc5ae) Importer(815301076,1909f56bfc062723c751e8b465ee728b) [PhysX] Initialized MultithreadedTaskDispatcher with 12 workers.
 -> (artifact id: '89b7375756e03097eaa27f5db19de515') in 0.011343 seconds
Number of updated asset objects reloaded before import = 0
Number of asset objects unloaded after import = 3
========================================================================
Received Import Request.
  Time since last request: 0.040920 seconds.
  path: Assets/Tile Palettes/Tile_69.asset
  artifactKey: Guid(b0729df31954dd147a1700645c06c28e) Importer(815301076,1909f56bfc062723c751e8b465ee728b)
Start importing Assets/Tile Palettes/Tile_69.asset using Guid(b0729df31954dd147a1700645c06c28e) Importer(815301076,1909f56bfc062723c751e8b465ee728b) [PhysX] Initialized MultithreadedTaskDispatcher with 12 workers.
 -> (artifact id: '4b4d2b78aedc8ab815ff24c1f58168e4') in 0.007683 seconds
Number of updated asset objects reloaded before import = 0
Number of asset objects unloaded after import = 3
========================================================================
Received Import Request.
  Time since last request: 0.000017 seconds.
  path: Assets/Tile Palettes/Tile_77.asset
  artifactKey: Guid(eff5803d4713f6d4f87e363da5cdd598) Importer(815301076,1909f56bfc062723c751e8b465ee728b)
Start importing Assets/Tile Palettes/Tile_77.asset using Guid(eff5803d4713f6d4f87e363da5cdd598) Importer(815301076,1909f56bfc062723c751e8b465ee728b) [PhysX] Initialized MultithreadedTaskDispatcher with 12 workers.
 -> (artifact id: '2577a57e626d3717382b878f493317b1') in 0.007389 seconds
Number of updated asset objects reloaded before import = 0
Number of asset objects unloaded after import = 3
========================================================================
Received Import Request.
  Time since last request: 0.000024 seconds.
  path: Assets/Tile Palettes/Tile_75.asset
  artifactKey: Guid(b99f7ab939d81204db4aafa894575ab9) Importer(815301076,1909f56bfc062723c751e8b465ee728b)
Start importing Assets/Tile Palettes/Tile_75.asset using Guid(b99f7ab939d81204db4aafa894575ab9) Importer(815301076,1909f56bfc062723c751e8b465ee728b) [PhysX] Initialized MultithreadedTaskDispatcher with 12 workers.
 -> (artifact id: '85cbfcc6d47ec2bd68b15cfe5ce9c462') in 0.005814 seconds
Number of updated asset objects reloaded before import = 0
Number of asset objects unloaded after import = 3
========================================================================
Received Import Request.
  Time since last request: 0.000018 seconds.
  path: Assets/Tile Palettes/Tile_73.asset
  artifactKey: Guid(759d482df43dd1b4cb041c984ae64b88) Importer(815301076,1909f56bfc062723c751e8b465ee728b)
Start importing Assets/Tile Palettes/Tile_73.asset using Guid(759d482df43dd1b4cb041c984ae64b88) Importer(815301076,1909f56bfc062723c751e8b465ee728b) [PhysX] Initialized MultithreadedTaskDispatcher with 12 workers.
 -> (artifact id: '1d0598988d3d10c5763fb9df46f7a7dd') in 0.014777 seconds
Number of updated asset objects reloaded before import = 0
Number of asset objects unloaded after import = 3
========================================================================
Received Import Request.
  Time since last request: 0.000024 seconds.
  path: Assets/Tile Palettes/Tile_65.asset
  artifactKey: Guid(50f9182cf31b87847acca0735638df12) Importer(815301076,1909f56bfc062723c751e8b465ee728b)
Start importing Assets/Tile Palettes/Tile_65.asset using Guid(50f9182cf31b87847acca0735638df12) Importer(815301076,1909f56bfc062723c751e8b465ee728b) [PhysX] Initialized MultithreadedTaskDispatcher with 12 workers.
 -> (artifact id: '884b6ab76f4ab2885f28e50093c1939f') in 0.005583 seconds
Number of updated asset objects reloaded before import = 0
Number of asset objects unloaded after import = 3
========================================================================
Received Import Request.
  Time since last request: 0.194881 seconds.
  path: Assets/Tile Palettes/Tile_61.asset
  artifactKey: Guid(cfdb477c301c86d49ab94c8db9c7d8c2) Importer(815301076,1909f56bfc062723c751e8b465ee728b)
Start importing Assets/Tile Palettes/Tile_61.asset using Guid(cfdb477c301c86d49ab94c8db9c7d8c2) Importer(815301076,1909f56bfc062723c751e8b465ee728b) [PhysX] Initialized MultithreadedTaskDispatcher with 12 workers.
 -> (artifact id: 'c1aabac9760396c4cf889c015c0b1e06') in 0.006368 seconds
Number of updated asset objects reloaded before import = 0
Number of asset objects unloaded after import = 3
========================================================================
Received Import Request.
  Time since last request: 0.000020 seconds.
  path: Assets/Tile Palettes/Tile_62.asset
  artifactKey: Guid(6ef63ad4c54c2744da943dbc9076f3f0) Importer(815301076,1909f56bfc062723c751e8b465ee728b)
Start importing Assets/Tile Palettes/Tile_62.asset using Guid(6ef63ad4c54c2744da943dbc9076f3f0) Importer(815301076,1909f56bfc062723c751e8b465ee728b) [PhysX] Initialized MultithreadedTaskDispatcher with 12 workers.
 -> (artifact id: 'd4d47c0ffe9ff4af3c25d1bab3778221') in 0.007388 seconds
Number of updated asset objects reloaded before import = 0
Number of asset objects unloaded after import = 3
========================================================================
Received Import Request.
  Time since last request: 0.000017 seconds.
  path: Assets/Tile Palettes/Tile_57.asset
  artifactKey: Guid(36a4943b4f99f3741a4a914d8b3b086b) Importer(815301076,1909f56bfc062723c751e8b465ee728b)
Start importing Assets/Tile Palettes/Tile_57.asset using Guid(36a4943b4f99f3741a4a914d8b3b086b) Importer(815301076,1909f56bfc062723c751e8b465ee728b) [PhysX] Initialized MultithreadedTaskDispatcher with 12 workers.
 -> (artifact id: '7861cff5f28c481bb1569e14b943c10b') in 0.005123 seconds
Number of updated asset objects reloaded before import = 0
Number of asset objects unloaded after import = 3
========================================================================
Received Import Request.
  Time since last request: 0.024812 seconds.
  path: Assets/Tile Palettes/Tile_45.asset
  artifactKey: Guid(015e3a82493a1d342bf8eae5c6ad472c) Importer(815301076,1909f56bfc062723c751e8b465ee728b)
Start importing Assets/Tile Palettes/Tile_45.asset using Guid(015e3a82493a1d342bf8eae5c6ad472c) Importer(815301076,1909f56bfc062723c751e8b465ee728b) [PhysX] Initialized MultithreadedTaskDispatcher with 12 workers.
 -> (artifact id: 'eaa583ebdfe12ecd1955dbb677d46621') in 0.008540 seconds
Number of updated asset objects reloaded before import = 0
Number of asset objects unloaded after import = 3
========================================================================
Received Import Request.
  Time since last request: 0.000016 seconds.
  path: Assets/Tile Palettes/Tile_54.asset
  artifactKey: Guid(253f97b687eb98148969b09bc48e9288) Importer(815301076,1909f56bfc062723c751e8b465ee728b)
Start importing Assets/Tile Palettes/Tile_54.asset using Guid(253f97b687eb98148969b09bc48e9288) Importer(815301076,1909f56bfc062723c751e8b465ee728b) [PhysX] Initialized MultithreadedTaskDispatcher with 12 workers.
 -> (artifact id: 'd0919cc18f36978c4f770531cc37565d') in 0.005527 seconds
Number of updated asset objects reloaded before import = 0
Number of asset objects unloaded after import = 3
========================================================================
Received Import Request.
  Time since last request: 0.000015 seconds.
  path: Assets/Tile Palettes/Tile_48.asset
  artifactKey: Guid(871391e9325479e44903421670afbd4d) Importer(815301076,1909f56bfc062723c751e8b465ee728b)
Start importing Assets/Tile Palettes/Tile_48.asset using Guid(871391e9325479e44903421670afbd4d) Importer(815301076,1909f56bfc062723c751e8b465ee728b) [PhysX] Initialized MultithreadedTaskDispatcher with 12 workers.
 -> (artifact id: 'a27c083b851448973aa19c7484e2b9b8') in 0.008869 seconds
Number of updated asset objects reloaded before import = 0
Number of asset objects unloaded after import = 3
========================================================================
Received Import Request.
  Time since last request: 0.000021 seconds.
  path: Assets/Tile Palettes/Tile_52.asset
  artifactKey: Guid(5603f547df496a1488fa77ef83673ee4) Importer(815301076,1909f56bfc062723c751e8b465ee728b)
Start importing Assets/Tile Palettes/Tile_52.asset using Guid(5603f547df496a1488fa77ef83673ee4) Importer(815301076,1909f56bfc062723c751e8b465ee728b) [PhysX] Initialized MultithreadedTaskDispatcher with 12 workers.
 -> (artifact id: '8d2e5aff5099d3a57ae642bd8bb3416b') in 0.011736 seconds
Number of updated asset objects reloaded before import = 0
Number of asset objects unloaded after import = 3
========================================================================
Received Import Request.
  Time since last request: 0.185458 seconds.
  path: Assets/Tile Palettes/Tile_41.asset
  artifactKey: Guid(5a65bc20a5eab18479a8f9c81b7380e7) Importer(815301076,1909f56bfc062723c751e8b465ee728b)
Start importing Assets/Tile Palettes/Tile_41.asset using Guid(5a65bc20a5eab18479a8f9c81b7380e7) Importer(815301076,1909f56bfc062723c751e8b465ee728b) [PhysX] Initialized MultithreadedTaskDispatcher with 12 workers.
 -> (artifact id: '19517c9eb74b7b63c04ba0f3eacd1804') in 0.006382 seconds
Number of updated asset objects reloaded before import = 0
Number of asset objects unloaded after import = 3
========================================================================
Received Import Request.
  Time since last request: 0.005444 seconds.
  path: Assets/Tile Palettes/Tile_36.asset
  artifactKey: Guid(4a2dfa6fa89785947983eda8fddd84d5) Importer(815301076,1909f56bfc062723c751e8b465ee728b)
Start importing Assets/Tile Palettes/Tile_36.asset using Guid(4a2dfa6fa89785947983eda8fddd84d5) Importer(815301076,1909f56bfc062723c751e8b465ee728b) [PhysX] Initialized MultithreadedTaskDispatcher with 12 workers.
 -> (artifact id: '849d6e1c29eb68e6d3f696e4d90e0cf9') in 0.005857 seconds
Number of updated asset objects reloaded before import = 0
Number of asset objects unloaded after import = 3
========================================================================
Received Import Request.
  Time since last request: 0.030204 seconds.
  path: Assets/Tile Palettes/Tile_25.asset
  artifactKey: Guid(8c418b53cbe2e5c4c8ce4613070b6ce6) Importer(815301076,1909f56bfc062723c751e8b465ee728b)
Start importing Assets/Tile Palettes/Tile_25.asset using Guid(8c418b53cbe2e5c4c8ce4613070b6ce6) Importer(815301076,1909f56bfc062723c751e8b465ee728b) [PhysX] Initialized MultithreadedTaskDispatcher with 12 workers.
 -> (artifact id: 'e3984d21d9486afa47a6cf94f881f239') in 0.007361 seconds
Number of updated asset objects reloaded before import = 0
Number of asset objects unloaded after import = 3
========================================================================
Received Import Request.
  Time since last request: 0.000016 seconds.
  path: Assets/Tile Palettes/Tile_33.asset
  artifactKey: Guid(6a32c99c37198424a89ba52399146549) Importer(815301076,1909f56bfc062723c751e8b465ee728b)
Start importing Assets/Tile Palettes/Tile_33.asset using Guid(6a32c99c37198424a89ba52399146549) Importer(815301076,1909f56bfc062723c751e8b465ee728b) [PhysX] Initialized MultithreadedTaskDispatcher with 12 workers.
 -> (artifact id: '65956603e07b2f7f516cffe842ac7a63') in 0.006348 seconds
Number of updated asset objects reloaded before import = 0
Number of asset objects unloaded after import = 3
========================================================================
Received Import Request.
  Time since last request: 0.000029 seconds.
  path: Assets/Tile Palettes/Tile_26.asset
  artifactKey: Guid(67f9da4907c83e649bf7ddfb42d14ad3) Importer(815301076,1909f56bfc062723c751e8b465ee728b)
Start importing Assets/Tile Palettes/Tile_26.asset using Guid(67f9da4907c83e649bf7ddfb42d14ad3) Importer(815301076,1909f56bfc062723c751e8b465ee728b) [PhysX] Initialized MultithreadedTaskDispatcher with 12 workers.
 -> (artifact id: 'af9f6cabedde1c4c6a3eb994549029b8') in 0.010700 seconds
Number of updated asset objects reloaded before import = 0
Number of asset objects unloaded after import = 3
========================================================================
Received Import Request.
  Time since last request: 0.000025 seconds.
  path: Assets/Tile Palettes/Tile_31.asset
  artifactKey: Guid(0f0074c2093c04b47b22938fd86d0fb8) Importer(815301076,1909f56bfc062723c751e8b465ee728b)
Start importing Assets/Tile Palettes/Tile_31.asset using Guid(0f0074c2093c04b47b22938fd86d0fb8) Importer(815301076,1909f56bfc062723c751e8b465ee728b) [PhysX] Initialized MultithreadedTaskDispatcher with 12 workers.
 -> (artifact id: '8879442db1b352658d28bd6ee908a464') in 0.004912 seconds
Number of updated asset objects reloaded before import = 0
Number of asset objects unloaded after import = 3
========================================================================
Received Import Request.
  Time since last request: 0.217471 seconds.
  path: Assets/Tile Palettes/Tile_21.asset
  artifactKey: Guid(90c564d085cb09f4c9175dd7c4e3e8de) Importer(815301076,1909f56bfc062723c751e8b465ee728b)
Start importing Assets/Tile Palettes/Tile_21.asset using Guid(90c564d085cb09f4c9175dd7c4e3e8de) Importer(815301076,1909f56bfc062723c751e8b465ee728b) [PhysX] Initialized MultithreadedTaskDispatcher with 12 workers.
 -> (artifact id: '0726df4d7d364cd4ba8b6b10d539ee4e') in 0.009901 seconds
Number of updated asset objects reloaded before import = 0
Number of asset objects unloaded after import = 3
========================================================================
Received Import Request.
  Time since last request: 0.000017 seconds.
  path: Assets/Tile Palettes/Tile_15.asset
  artifactKey: Guid(629e9c07abca32940b8e08984d800b19) Importer(815301076,1909f56bfc062723c751e8b465ee728b)
Start importing Assets/Tile Palettes/Tile_15.asset using Guid(629e9c07abca32940b8e08984d800b19) Importer(815301076,1909f56bfc062723c751e8b465ee728b) [PhysX] Initialized MultithreadedTaskDispatcher with 12 workers.
 -> (artifact id: '2eccce7a21e0d50bf03d552a96f250ef') in 0.009247 seconds
Number of updated asset objects reloaded before import = 0
Number of asset objects unloaded after import = 3
========================================================================
Received Import Request.
  Time since last request: 0.000020 seconds.
  path: Assets/Tile Palettes/Tile_14.asset
  artifactKey: Guid(2634b30958110fc4abe813160e88e20f) Importer(815301076,1909f56bfc062723c751e8b465ee728b)
Start importing Assets/Tile Palettes/Tile_14.asset using Guid(2634b30958110fc4abe813160e88e20f) Importer(815301076,1909f56bfc062723c751e8b465ee728b) [PhysX] Initialized MultithreadedTaskDispatcher with 12 workers.
 -> (artifact id: 'a409711c9aa029e1ad211cd92eb35018') in 0.006350 seconds
Number of updated asset objects reloaded before import = 0
Number of asset objects unloaded after import = 3
========================================================================
Received Import Request.
  Time since last request: 0.000021 seconds.
  path: Assets/Tile Palettes/Tile_16.asset
  artifactKey: Guid(b357d4d31991c874a968404014ba6cc8) Importer(815301076,1909f56bfc062723c751e8b465ee728b)
Start importing Assets/Tile Palettes/Tile_16.asset using Guid(b357d4d31991c874a968404014ba6cc8) Importer(815301076,1909f56bfc062723c751e8b465ee728b) [PhysX] Initialized MultithreadedTaskDispatcher with 12 workers.
 -> (artifact id: '6056fe77a5aff312f264341a21ef70a1') in 0.005568 seconds
Number of updated asset objects reloaded before import = 0
Number of asset objects unloaded after import = 3
========================================================================
Received Import Request.
  Time since last request: 0.000016 seconds.
  path: Assets/Tile Palettes/Tile_12.asset
  artifactKey: Guid(b6c39b3901898ba4ba521a994ad7d1b3) Importer(815301076,1909f56bfc062723c751e8b465ee728b)
Start importing Assets/Tile Palettes/Tile_12.asset using Guid(b6c39b3901898ba4ba521a994ad7d1b3) Importer(815301076,1909f56bfc062723c751e8b465ee728b) [PhysX] Initialized MultithreadedTaskDispatcher with 12 workers.
 -> (artifact id: '5b4018eaa6dfee8d1290115eedb911b6') in 0.007597 seconds
Number of updated asset objects reloaded before import = 0
Number of asset objects unloaded after import = 3
========================================================================
Received Import Request.
  Time since last request: 0.000025 seconds.
  path: Assets/Tile Palettes/Tile_18.asset
  artifactKey: Guid(58b223a10a3806542bf377268bdd0218) Importer(815301076,1909f56bfc062723c751e8b465ee728b)
Start importing Assets/Tile Palettes/Tile_18.asset using Guid(58b223a10a3806542bf377268bdd0218) Importer(815301076,1909f56bfc062723c751e8b465ee728b) [PhysX] Initialized MultithreadedTaskDispatcher with 12 workers.
 -> (artifact id: 'e5a2aca66643e10a147730544524aea9') in 0.009661 seconds
Number of updated asset objects reloaded before import = 0
Number of asset objects unloaded after import = 3
========================================================================
Received Import Request.
  Time since last request: 0.000020 seconds.
  path: Assets/Tile Palettes/Tile_02.asset
  artifactKey: Guid(2d40cc7f3ce5dc84f955524d62b828ef) Importer(815301076,1909f56bfc062723c751e8b465ee728b)
Start importing Assets/Tile Palettes/Tile_02.asset using Guid(2d40cc7f3ce5dc84f955524d62b828ef) Importer(815301076,1909f56bfc062723c751e8b465ee728b) [PhysX] Initialized MultithreadedTaskDispatcher with 12 workers.
 -> (artifact id: '9f8db915c817c81c0de4494d7bbb5663') in 0.006371 seconds
Number of updated asset objects reloaded before import = 0
Number of asset objects unloaded after import = 3
========================================================================
Received Import Request.
  Time since last request: 0.000013 seconds.
  path: Assets/Tile Palettes/Tile_05.asset
  artifactKey: Guid(d82512610c1ce294696d50fe2619379b) Importer(815301076,1909f56bfc062723c751e8b465ee728b)
Start importing Assets/Tile Palettes/Tile_05.asset using Guid(d82512610c1ce294696d50fe2619379b) Importer(815301076,1909f56bfc062723c751e8b465ee728b) [PhysX] Initialized MultithreadedTaskDispatcher with 12 workers.
 -> (artifact id: 'f962a8a463e7cd2467e8b6421e63d5c7') in 0.006651 seconds
Number of updated asset objects reloaded before import = 0
Number of asset objects unloaded after import = 3
========================================================================
Received Import Request.
  Time since last request: 0.000024 seconds.
  path: Assets/Tile Palettes/Tile_01.asset
  artifactKey: Guid(38a932b4a830ed14daaff7f217fbcf6f) Importer(815301076,1909f56bfc062723c751e8b465ee728b)
Start importing Assets/Tile Palettes/Tile_01.asset using Guid(38a932b4a830ed14daaff7f217fbcf6f) Importer(815301076,1909f56bfc062723c751e8b465ee728b) [PhysX] Initialized MultithreadedTaskDispatcher with 12 workers.
 -> (artifact id: '86ca6638c6a6218041c09c8cf7296ffd') in 0.008523 seconds
Number of updated asset objects reloaded before import = 0
Number of asset objects unloaded after import = 3
Editor requested this worker to shutdown with reason: Scaling down because of idle timeout
TcpMessagingSession - receive error: operation aborted. errorcode: 995, details: La operacin de E/S se anul por una salida de subproceso o por una solicitud de aplicacin.
AssetImportWorker is now disconnected from the server
Process exiting
Exiting without the bug reporter. Application will terminate with return code 0